[2024-04-03 07:43:17] local.ERROR: SQLSTATE[HY000]: General error: 1273 Unknown collation: 'utf8mb4_0900_ai_ci' (Connection: mysql, SQL: select table_name as `name`, (data_length + index_length) as `size`, table_comment as `comment`, engine as `engine`, table_collation as `collation` from information_schema.tables where table_schema = 'laravel-sb-admin-2' and table_type in ('BASE TABLE', 'SYSTEM VERSIONED') order by table_name) {"exception":"[object] (Illuminate\\Database\\QueryException(code: HY000): SQLSTATE[HY000]: General error: 1273 Unknown collation: 'utf8mb4_0900_ai_ci' (Connection: mysql, SQL: select table_name as `name`, (data_length + index_length) as `size`, table_comment as `comment`, engine as `engine`, table_collation as `collation` from information_schema.tables where table_schema = 'laravel-sb-admin-2' and table_type in ('BASE TABLE', 'SYSTEM VERSIONED') order by table_name) at /Users/sumankhadka/Documents/Works/Software/laravel-sb-admin-2/vendor/laravel/framework/src/Illuminate/Database/Connection.php:813)
[stacktrace]
#0 /Users/sumankhadka/Documents/Works/Software/laravel-sb-admin-2/vendor/laravel/framework/src/Illuminate/Database/Connection.php(767): Illuminate\\Database\\Connection->runQueryCallback('select table_na...', Array, Object(Closure))
#1 /Users/sumankhadka/Documents/Works/Software/laravel-sb-admin-2/vendor/laravel/framework/src/Illuminate/Database/Connection.php(398): Illuminate\\Database\\Connection->run('select table_na...', Array, Object(Closure))
#2 /Users/sumankhadka/Documents/Works/Software/laravel-sb-admin-2/vendor/laravel/framework/src/Illuminate/Database/Connection.php(385): Illuminate\\Database\\Connection->select('select table_na...', Array, false)
#3 /Users/sumankhadka/Documents/Works/Software/laravel-sb-admin-2/vendor/laravel/framework/src/Illuminate/Database/Schema/MySqlBuilder.php(41): Illuminate\\Database\\Connection->selectFromWriteConnection('select table_na...')
#4 /Users/sumankhadka/Documents/Works/Software/laravel-sb-admin-2/vendor/laravel/framework/src/Illuminate/Database/Schema/Builder.php(147): Illuminate\\Database\\Schema\\MySqlBuilder->getTables()
#5 /Users/sumankhadka/Documents/Works/Software/laravel-sb-admin-2/vendor/laravel/framework/src/Illuminate/Database/Migrations/DatabaseMigrationRepository.php(184): Illuminate\\Database\\Schema\\Builder->hasTable('migrations')
#6 /Users/sumankhadka/Documents/Works/Software/laravel-sb-admin-2/vendor/laravel/framework/src/Illuminate/Database/Migrations/Migrator.php(689): Illuminate\\Database\\Migrations\\DatabaseMigrationRepository->repositoryExists()
#7 /Users/sumankhadka/Documents/Works/Software/laravel-sb-admin-2/vendor/laravel/framework/src/Illuminate/Database/Console/Migrations/MigrateCommand.php(140): Illuminate\\Database\\Migrations\\Migrator->repositoryExists()
#8 /Users/sumankhadka/Documents/Works/Software/laravel-sb-admin-2/vendor/laravel/framework/src/Illuminate/Support/helpers.php(286): Illuminate\\Database\\Console\\Migrations\\MigrateCommand->Illuminate\\Database\\Console\\Migrations\\{closure}(1)
#9 /Users/sumankhadka/Documents/Works/Software/laravel-sb-admin-2/vendor/laravel/framework/src/Illuminate/Database/Console/Migrations/MigrateCommand.php(140): retry(1, Object(Closure), 0, Object(Closure))
#10 /Users/sumankhadka/Documents/Works/Software/laravel-sb-admin-2/vendor/laravel/framework/src/Illuminate/Database/Console/Migrations/MigrateCommand.php(116): Illuminate\\Database\\Console\\Migrations\\MigrateCommand->repositoryExists()
#11 /Users/sumankhadka/Documents/Works/Software/laravel-sb-admin-2/vendor/laravel/framework/src/Illuminate/Database/Console/Migrations/MigrateCommand.php(84): Illuminate\\Database\\Console\\Migrations\\MigrateCommand->prepareDatabase()
#12 /Users/sumankhadka/Documents/Works/Software/laravel-sb-admin-2/vendor/laravel/framework/src/Illuminate/Database/Migrations/Migrator.php(622): Illuminate\\Database\\Console\\Migrations\\MigrateCommand->Illuminate\\Database\\Console\\Migrations\\{closure}()
#13 /Users/sumankhadka/Documents/Works/Software/laravel-sb-admin-2/vendor/laravel/framework/src/Illuminate/Database/Console/Migrations/MigrateCommand.php(83): Illuminate\\Database\\Migrations\\Migrator->usingConnection(NULL, Object(Closure))
#14 /Users/sumankhadka/Documents/Works/Software/laravel-sb-admin-2/vendor/laravel/framework/src/Illuminate/Container/BoundMethod.php(36): Illuminate\\Database\\Console\\Migrations\\MigrateCommand->handle()
#15 /Users/sumankhadka/Documents/Works/Software/laravel-sb-admin-2/vendor/laravel/framework/src/Illuminate/Container/Util.php(41): Illuminate\\Container\\BoundMethod::Illuminate\\Container\\{closure}()
#16 /Users/sumankhadka/Documents/Works/Software/laravel-sb-admin-2/vendor/laravel/framework/src/Illuminate/Container/BoundMethod.php(93): Illuminate\\Container\\Util::unwrapIfClosure(Object(Closure))
#17 /Users/sumankhadka/Documents/Works/Software/laravel-sb-admin-2/vendor/laravel/framework/src/Illuminate/Container/BoundMethod.php(35): Illuminate\\Container\\BoundMethod::callBoundMethod(Object(Illuminate\\Foundation\\Application), Array, Object(Closure))
#18 /Users/sumankhadka/Documents/Works/Software/laravel-sb-admin-2/vendor/laravel/framework/src/Illuminate/Container/Container.php(662): Illuminate\\Container\\BoundMethod::call(Object(Illuminate\\Foundation\\Application), Array, Array, NULL)
#19 /Users/sumankhadka/Documents/Works/Software/laravel-sb-admin-2/vendor/laravel/framework/src/Illuminate/Console/Command.php(212): Illuminate\\Container\\Container->call(Array)
#20 /Users/sumankhadka/Documents/Works/Software/laravel-sb-admin-2/vendor/symfony/console/Command/Command.php(279): Illuminate\\Console\\Command->execute(Object(Symfony\\Component\\Console\\Input\\ArgvInput), Object(Illuminate\\Console\\OutputStyle))
#21 /Users/sumankhadka/Documents/Works/Software/laravel-sb-admin-2/vendor/laravel/framework/src/Illuminate/Console/Command.php(181): Symfony\\Component\\Console\\Command\\Command->run(Object(Symfony\\Component\\Console\\Input\\ArgvInput), Object(Illuminate\\Console\\OutputStyle))
#22 /Users/sumankhadka/Documents/Works/Software/laravel-sb-admin-2/vendor/symfony/console/Application.php(1049): Illuminate\\Console\\Command->run(Object(Symfony\\Component\\Console\\Input\\ArgvInput), Object(Symfony\\Component\\Console\\Output\\ConsoleOutput))
#23 /Users/sumankhadka/Documents/Works/Software/laravel-sb-admin-2/vendor/symfony/console/Application.php(318): Symfony\\Component\\Console\\Application->doRunCommand(Object(Illuminate\\Database\\Console\\Migrations\\MigrateCommand), Object(Symfony\\Component\\Console\\Input\\ArgvInput), Object(Symfony\\Component\\Console\\Output\\ConsoleOutput))
#24 /Users/sumankhadka/Documents/Works/Software/laravel-sb-admin-2/vendor/symfony/console/Application.php(169): Symfony\\Component\\Console\\Application->doRun(Object(Symfony\\Component\\Console\\Input\\ArgvInput), Object(Symfony\\Component\\Console\\Output\\ConsoleOutput))
#25 /Users/sumankhadka/Documents/Works/Software/laravel-sb-admin-2/vendor/laravel/framework/src/Illuminate/Foundation/Console/Kernel.php(196): Symfony\\Component\\Console\\Application->run(Object(Symfony\\Component\\Console\\Input\\ArgvInput), Object(Symfony\\Component\\Console\\Output\\ConsoleOutput))
#26 /Users/sumankhadka/Documents/Works/Software/laravel-sb-admin-2/artisan(35): Illuminate\\Foundation\\Console\\Kernel->handle(Object(Symfony\\Component\\Console\\Input\\ArgvInput), Object(Symfony\\Component\\Console\\Output\\ConsoleOutput))
#27 {main}

[previous exception] [object] (PDOException(code: HY000): SQLSTATE[HY000]: General error: 1273 Unknown collation: 'utf8mb4_0900_ai_ci' at /Users/sumankhadka/Documents/Works/Software/laravel-sb-admin-2/vendor/laravel/framework/src/Illuminate/Database/Connectors/MySqlConnector.php:121)
[stacktrace]
#0 /Users/sumankhadka/Documents/Works/Software/laravel-sb-admin-2/vendor/laravel/framework/src/Illuminate/Database/Connectors/MySqlConnector.php(121): PDO->exec('SET NAMES 'utf8...')
#1 /Users/sumankhadka/Documents/Works/Software/laravel-sb-admin-2/vendor/laravel/framework/src/Illuminate/Database/Connectors/MySqlConnector.php(30): Illuminate\\Database\\Connectors\\MySqlConnector->configureConnection(Object(PDO), Array)
#2 /Users/sumankhadka/Documents/Works/Software/laravel-sb-admin-2/vendor/laravel/framework/src/Illuminate/Database/Connectors/ConnectionFactory.php(185): Illuminate\\Database\\Connectors\\MySqlConnector->connect(Array)
#3 [internal function]: Illuminate\\Database\\Connectors\\ConnectionFactory->Illuminate\\Database\\Connectors\\{closure}()
#4 /Users/sumankhadka/Documents/Works/Software/laravel-sb-admin-2/vendor/laravel/framework/src/Illuminate/Database/Connection.php(1219): call_user_func(Object(Closure))
#5 /Users/sumankhadka/Documents/Works/Software/laravel-sb-admin-2/vendor/laravel/framework/src/Illuminate/Database/Connection.php(512): Illuminate\\Database\\Connection->getPdo()
#6 /Users/sumankhadka/Documents/Works/Software/laravel-sb-admin-2/vendor/laravel/framework/src/Illuminate/Database/Connection.php(407): Illuminate\\Database\\Connection->getPdoForSelect(false)
#7 /Users/sumankhadka/Documents/Works/Software/laravel-sb-admin-2/vendor/laravel/framework/src/Illuminate/Database/Connection.php(800): Illuminate\\Database\\Connection->Illuminate\\Database\\{closure}('select table_na...', Array)
#8 /Users/sumankhadka/Documents/Works/Software/laravel-sb-admin-2/vendor/laravel/framework/src/Illuminate/Database/Connection.php(767): Illuminate\\Database\\Connection->runQueryCallback('select table_na...', Array, Object(Closure))
#9 /Users/sumankhadka/Documents/Works/Software/laravel-sb-admin-2/vendor/laravel/framework/src/Illuminate/Database/Connection.php(398): Illuminate\\Database\\Connection->run('select table_na...', Array, Object(Closure))
#10 /Users/sumankhadka/Documents/Works/Software/laravel-sb-admin-2/vendor/laravel/framework/src/Illuminate/Database/Connection.php(385): Illuminate\\Database\\Connection->select('select table_na...', Array, false)
#11 /Users/sumankhadka/Documents/Works/Software/laravel-sb-admin-2/vendor/laravel/framework/src/Illuminate/Database/Schema/MySqlBuilder.php(41): Illuminate\\Database\\Connection->selectFromWriteConnection('select table_na...')
#12 /Users/sumankhadka/Documents/Works/Software/laravel-sb-admin-2/vendor/laravel/framework/src/Illuminate/Database/Schema/Builder.php(147): Illuminate\\Database\\Schema\\MySqlBuilder->getTables()
#13 /Users/sumankhadka/Documents/Works/Software/laravel-sb-admin-2/vendor/laravel/framework/src/Illuminate/Database/Migrations/DatabaseMigrationRepository.php(184): Illuminate\\Database\\Schema\\Builder->hasTable('migrations')
#14 /Users/sumankhadka/Documents/Works/Software/laravel-sb-admin-2/vendor/laravel/framework/src/Illuminate/Database/Migrations/Migrator.php(689): Illuminate\\Database\\Migrations\\DatabaseMigrationRepository->repositoryExists()
#15 /Users/sumankhadka/Documents/Works/Software/laravel-sb-admin-2/vendor/laravel/framework/src/Illuminate/Database/Console/Migrations/MigrateCommand.php(140): Illuminate\\Database\\Migrations\\Migrator->repositoryExists()
#16 /Users/sumankhadka/Documents/Works/Software/laravel-sb-admin-2/vendor/laravel/framework/src/Illuminate/Support/helpers.php(286): Illuminate\\Database\\Console\\Migrations\\MigrateCommand->Illuminate\\Database\\Console\\Migrations\\{closure}(1)
#17 /Users/sumankhadka/Documents/Works/Software/laravel-sb-admin-2/vendor/laravel/framework/src/Illuminate/Database/Console/Migrations/MigrateCommand.php(140): retry(1, Object(Closure), 0, Object(Closure))
#18 /Users/sumankhadka/Documents/Works/Software/laravel-sb-admin-2/vendor/laravel/framework/src/Illuminate/Database/Console/Migrations/MigrateCommand.php(116): Illuminate\\Database\\Console\\Migrations\\MigrateCommand->repositoryExists()
#19 /Users/sumankhadka/Documents/Works/Software/laravel-sb-admin-2/vendor/laravel/framework/src/Illuminate/Database/Console/Migrations/MigrateCommand.php(84): Illuminate\\Database\\Console\\Migrations\\MigrateCommand->prepareDatabase()
#20 /Users/sumankhadka/Documents/Works/Software/laravel-sb-admin-2/vendor/laravel/framework/src/Illuminate/Database/Migrations/Migrator.php(622): Illuminate\\Database\\Console\\Migrations\\MigrateCommand->Illuminate\\Database\\Console\\Migrations\\{closure}()
#21 /Users/sumankhadka/Documents/Works/Software/laravel-sb-admin-2/vendor/laravel/framework/src/Illuminate/Database/Console/Migrations/MigrateCommand.php(83): Illuminate\\Database\\Migrations\\Migrator->usingConnection(NULL, Object(Closure))
#22 /Users/sumankhadka/Documents/Works/Software/laravel-sb-admin-2/vendor/laravel/framework/src/Illuminate/Container/BoundMethod.php(36): Illuminate\\Database\\Console\\Migrations\\MigrateCommand->handle()
#23 /Users/sumankhadka/Documents/Works/Software/laravel-sb-admin-2/vendor/laravel/framework/src/Illuminate/Container/Util.php(41): Illuminate\\Container\\BoundMethod::Illuminate\\Container\\{closure}()
#24 /Users/sumankhadka/Documents/Works/Software/laravel-sb-admin-2/vendor/laravel/framework/src/Illuminate/Container/BoundMethod.php(93): Illuminate\\Container\\Util::unwrapIfClosure(Object(Closure))
#25 /Users/sumankhadka/Documents/Works/Software/laravel-sb-admin-2/vendor/laravel/framework/src/Illuminate/Container/BoundMethod.php(35): Illuminate\\Container\\BoundMethod::callBoundMethod(Object(Illuminate\\Foundation\\Application), Array, Object(Closure))
#26 /Users/sumankhadka/Documents/Works/Software/laravel-sb-admin-2/vendor/laravel/framework/src/Illuminate/Container/Container.php(662): Illuminate\\Container\\BoundMethod::call(Object(Illuminate\\Foundation\\Application), Array, Array, NULL)
#27 /Users/sumankhadka/Documents/Works/Software/laravel-sb-admin-2/vendor/laravel/framework/src/Illuminate/Console/Command.php(212): Illuminate\\Container\\Container->call(Array)
#28 /Users/sumankhadka/Documents/Works/Software/laravel-sb-admin-2/vendor/symfony/console/Command/Command.php(279): Illuminate\\Console\\Command->execute(Object(Symfony\\Component\\Console\\Input\\ArgvInput), Object(Illuminate\\Console\\OutputStyle))
#29 /Users/sumankhadka/Documents/Works/Software/laravel-sb-admin-2/vendor/laravel/framework/src/Illuminate/Console/Command.php(181): Symfony\\Component\\Console\\Command\\Command->run(Object(Symfony\\Component\\Console\\Input\\ArgvInput), Object(Illuminate\\Console\\OutputStyle))
#30 /Users/sumankhadka/Documents/Works/Software/laravel-sb-admin-2/vendor/symfony/console/Application.php(1049): Illuminate\\Console\\Command->run(Object(Symfony\\Component\\Console\\Input\\ArgvInput), Object(Symfony\\Component\\Console\\Output\\ConsoleOutput))
#31 /Users/sumankhadka/Documents/Works/Software/laravel-sb-admin-2/vendor/symfony/console/Application.php(318): Symfony\\Component\\Console\\Application->doRunCommand(Object(Illuminate\\Database\\Console\\Migrations\\MigrateCommand), Object(Symfony\\Component\\Console\\Input\\ArgvInput), Object(Symfony\\Component\\Console\\Output\\ConsoleOutput))
#32 /Users/sumankhadka/Documents/Works/Software/laravel-sb-admin-2/vendor/symfony/console/Application.php(169): Symfony\\Component\\Console\\Application->doRun(Object(Symfony\\Component\\Console\\Input\\ArgvInput), Object(Symfony\\Component\\Console\\Output\\ConsoleOutput))
#33 /Users/sumankhadka/Documents/Works/Software/laravel-sb-admin-2/vendor/laravel/framework/src/Illuminate/Foundation/Console/Kernel.php(196): Symfony\\Component\\Console\\Application->run(Object(Symfony\\Component\\Console\\Input\\ArgvInput), Object(Symfony\\Component\\Console\\Output\\ConsoleOutput))
#34 /Users/sumankhadka/Documents/Works/Software/laravel-sb-admin-2/artisan(35): Illuminate\\Foundation\\Console\\Kernel->handle(Object(Symfony\\Component\\Console\\Input\\ArgvInput), Object(Symfony\\Component\\Console\\Output\\ConsoleOutput))
#35 {main}
"} 
[2024-04-03 07:44:10] local.ERROR: SQLSTATE[HY000]: General error: 1273 Unknown collation: 'utf8mb4_0900_ai_ci' (Connection: mysql, SQL: select * from `sessions` where `id` = NLV6BJgzjMRVUOGaaM0Bnx5xLBoNjtAN3ss4HrM5 limit 1) {"exception":"[object] (Illuminate\\Database\\QueryException(code: HY000): SQLSTATE[HY000]: General error: 1273 Unknown collation: 'utf8mb4_0900_ai_ci' (Connection: mysql, SQL: select * from `sessions` where `id` = NLV6BJgzjMRVUOGaaM0Bnx5xLBoNjtAN3ss4HrM5 limit 1) at /Users/sumankhadka/Documents/Works/Software/laravel-sb-admin-2/vendor/laravel/framework/src/Illuminate/Database/Connection.php:813)
[stacktrace]
#0 /Users/sumankhadka/Documents/Works/Software/laravel-sb-admin-2/vendor/laravel/framework/src/Illuminate/Database/Connection.php(767): Illuminate\\Database\\Connection->runQueryCallback('select * from `...', Array, Object(Closure))
#1 /Users/sumankhadka/Documents/Works/Software/laravel-sb-admin-2/vendor/laravel/framework/src/Illuminate/Database/Connection.php(398): Illuminate\\Database\\Connection->run('select * from `...', Array, Object(Closure))
#2 /Users/sumankhadka/Documents/Works/Software/laravel-sb-admin-2/vendor/laravel/framework/src/Illuminate/Database/Query/Builder.php(2899): Illuminate\\Database\\Connection->select('select * from `...', Array, true)
#3 /Users/sumankhadka/Documents/Works/Software/laravel-sb-admin-2/vendor/laravel/framework/src/Illuminate/Database/Query/Builder.php(2884): Illuminate\\Database\\Query\\Builder->runSelect()
#4 /Users/sumankhadka/Documents/Works/Software/laravel-sb-admin-2/vendor/laravel/framework/src/Illuminate/Database/Query/Builder.php(3468): Illuminate\\Database\\Query\\Builder->Illuminate\\Database\\Query\\{closure}()
#5 /Users/sumankhadka/Documents/Works/Software/laravel-sb-admin-2/vendor/laravel/framework/src/Illuminate/Database/Query/Builder.php(2883): Illuminate\\Database\\Query\\Builder->onceWithColumns(Array, Object(Closure))
#6 /Users/sumankhadka/Documents/Works/Software/laravel-sb-admin-2/vendor/laravel/framework/src/Illuminate/Database/Concerns/BuildsQueries.php(333): Illuminate\\Database\\Query\\Builder->get(Array)
#7 /Users/sumankhadka/Documents/Works/Software/laravel-sb-admin-2/vendor/laravel/framework/src/Illuminate/Database/Query/Builder.php(2806): Illuminate\\Database\\Query\\Builder->first(Array)
#8 /Users/sumankhadka/Documents/Works/Software/laravel-sb-admin-2/vendor/laravel/framework/src/Illuminate/Session/DatabaseSessionHandler.php(97): Illuminate\\Database\\Query\\Builder->find('NLV6BJgzjMRVUOG...')
#9 /Users/sumankhadka/Documents/Works/Software/laravel-sb-admin-2/vendor/laravel/framework/src/Illuminate/Session/Store.php(113): Illuminate\\Session\\DatabaseSessionHandler->read('NLV6BJgzjMRVUOG...')
#10 /Users/sumankhadka/Documents/Works/Software/laravel-sb-admin-2/vendor/laravel/framework/src/Illuminate/Session/Store.php(101): Illuminate\\Session\\Store->readFromHandler()
#11 /Users/sumankhadka/Documents/Works/Software/laravel-sb-admin-2/vendor/laravel/framework/src/Illuminate/Session/Store.php(85): Illuminate\\Session\\Store->loadSession()
#12 /Users/sumankhadka/Documents/Works/Software/laravel-sb-admin-2/vendor/laravel/framework/src/Illuminate/Session/Middleware/StartSession.php(147): Illuminate\\Session\\Store->start()
#13 /Users/sumankhadka/Documents/Works/Software/laravel-sb-admin-2/vendor/laravel/framework/src/Illuminate/Support/helpers.php(345): Illuminate\\Session\\Middleware\\StartSession->Illuminate\\Session\\Middleware\\{closure}(Object(Illuminate\\Session\\Store))
#14 /Users/sumankhadka/Documents/Works/Software/laravel-sb-admin-2/vendor/laravel/framework/src/Illuminate/Session/Middleware/StartSession.php(144): tap(Object(Illuminate\\Session\\Store), Object(Closure))
#15 /Users/sumankhadka/Documents/Works/Software/laravel-sb-admin-2/vendor/laravel/framework/src/Illuminate/Session/Middleware/StartSession.php(116): Illuminate\\Session\\Middleware\\StartSession->startSession(Object(Illuminate\\Http\\Request), Object(Illuminate\\Session\\Store))
#16 /Users/sumankhadka/Documents/Works/Software/laravel-sb-admin-2/vendor/laravel/framework/src/Illuminate/Session/Middleware/StartSession.php(64): Illuminate\\Session\\Middleware\\StartSession->handleStatefulRequest(Object(Illuminate\\Http\\Request), Object(Illuminate\\Session\\Store), Object(Closure))
#17 /Users/sumankhadka/Documents/Works/Software/laravel-sb-admin-2/vendor/laravel/framework/src/Illuminate/Pipeline/Pipeline.php(183): Illuminate\\Session\\Middleware\\StartSession->handle(Object(Illuminate\\Http\\Request), Object(Closure))
#18 /Users/sumankhadka/Documents/Works/Software/laravel-sb-admin-2/vendor/laravel/framework/src/Illuminate/Cookie/Middleware/AddQueuedCookiesToResponse.php(37): Illuminate\\Pipeline\\Pipeline->Illuminate\\Pipeline\\{closure}(Object(Illuminate\\Http\\Request))
#19 /Users/sumankhadka/Documents/Works/Software/laravel-sb-admin-2/vendor/laravel/framework/src/Illuminate/Pipeline/Pipeline.php(183): Illuminate\\Cookie\\Middleware\\AddQueuedCookiesToResponse->handle(Object(Illuminate\\Http\\Request), Object(Closure))
#20 /Users/sumankhadka/Documents/Works/Software/laravel-sb-admin-2/vendor/laravel/framework/src/Illuminate/Cookie/Middleware/EncryptCookies.php(75): Illuminate\\Pipeline\\Pipeline->Illuminate\\Pipeline\\{closure}(Object(Illuminate\\Http\\Request))
#21 /Users/sumankhadka/Documents/Works/Software/laravel-sb-admin-2/vendor/laravel/framework/src/Illuminate/Pipeline/Pipeline.php(183): Illuminate\\Cookie\\Middleware\\EncryptCookies->handle(Object(Illuminate\\Http\\Request), Object(Closure))
#22 /Users/sumankhadka/Documents/Works/Software/laravel-sb-admin-2/vendor/laravel/framework/src/Illuminate/Pipeline/Pipeline.php(119): Illuminate\\Pipeline\\Pipeline->Illuminate\\Pipeline\\{closure}(Object(Illuminate\\Http\\Request))
#23 /Users/sumankhadka/Documents/Works/Software/laravel-sb-admin-2/vendor/laravel/framework/src/Illuminate/Routing/Router.php(805): Illuminate\\Pipeline\\Pipeline->then(Object(Closure))
#24 /Users/sumankhadka/Documents/Works/Software/laravel-sb-admin-2/vendor/laravel/framework/src/Illuminate/Routing/Router.php(784): Illuminate\\Routing\\Router->runRouteWithinStack(Object(Illuminate\\Routing\\Route), Object(Illuminate\\Http\\Request))
#25 /Users/sumankhadka/Documents/Works/Software/laravel-sb-admin-2/vendor/laravel/framework/src/Illuminate/Routing/Router.php(748): Illuminate\\Routing\\Router->runRoute(Object(Illuminate\\Http\\Request), Object(Illuminate\\Routing\\Route))
#26 /Users/sumankhadka/Documents/Works/Software/laravel-sb-admin-2/vendor/laravel/framework/src/Illuminate/Routing/Router.php(737): Illuminate\\Routing\\Router->dispatchToRoute(Object(Illuminate\\Http\\Request))
#27 /Users/sumankhadka/Documents/Works/Software/laravel-sb-admin-2/vendor/laravel/framework/src/Illuminate/Foundation/Http/Kernel.php(200): Illuminate\\Routing\\Router->dispatch(Object(Illuminate\\Http\\Request))
#28 /Users/sumankhadka/Documents/Works/Software/laravel-sb-admin-2/vendor/laravel/framework/src/Illuminate/Pipeline/Pipeline.php(144): Illuminate\\Foundation\\Http\\Kernel->Illuminate\\Foundation\\Http\\{closure}(Object(Illuminate\\Http\\Request))
#29 /Users/sumankhadka/Documents/Works/Software/laravel-sb-admin-2/vendor/laravel/framework/src/Illuminate/Foundation/Http/Middleware/TransformsRequest.php(21): Illuminate\\Pipeline\\Pipeline->Illuminate\\Pipeline\\{closure}(Object(Illuminate\\Http\\Request))
#30 /Users/sumankhadka/Documents/Works/Software/laravel-sb-admin-2/vendor/laravel/framework/src/Illuminate/Foundation/Http/Middleware/ConvertEmptyStringsToNull.php(31): Illuminate\\Foundation\\Http\\Middleware\\TransformsRequest->handle(Object(Illuminate\\Http\\Request), Object(Closure))
#31 /Users/sumankhadka/Documents/Works/Software/laravel-sb-admin-2/vendor/laravel/framework/src/Illuminate/Pipeline/Pipeline.php(183): Illuminate\\Foundation\\Http\\Middleware\\ConvertEmptyStringsToNull->handle(Object(Illuminate\\Http\\Request), Object(Closure))
#32 /Users/sumankhadka/Documents/Works/Software/laravel-sb-admin-2/vendor/laravel/framework/src/Illuminate/Foundation/Http/Middleware/TransformsRequest.php(21): Illuminate\\Pipeline\\Pipeline->Illuminate\\Pipeline\\{closure}(Object(Illuminate\\Http\\Request))
#33 /Users/sumankhadka/Documents/Works/Software/laravel-sb-admin-2/vendor/laravel/framework/src/Illuminate/Foundation/Http/Middleware/TrimStrings.php(50): Illuminate\\Foundation\\Http\\Middleware\\TransformsRequest->handle(Object(Illuminate\\Http\\Request), Object(Closure))
#34 /Users/sumankhadka/Documents/Works/Software/laravel-sb-admin-2/vendor/laravel/framework/src/Illuminate/Pipeline/Pipeline.php(183): Illuminate\\Foundation\\Http\\Middleware\\TrimStrings->handle(Object(Illuminate\\Http\\Request), Object(Closure))
#35 /Users/sumankhadka/Documents/Works/Software/laravel-sb-admin-2/vendor/laravel/framework/src/Illuminate/Http/Middleware/ValidatePostSize.php(27): Illuminate\\Pipeline\\Pipeline->Illuminate\\Pipeline\\{closure}(Object(Illuminate\\Http\\Request))
#36 /Users/sumankhadka/Documents/Works/Software/laravel-sb-admin-2/vendor/laravel/framework/src/Illuminate/Pipeline/Pipeline.php(183): Illuminate\\Http\\Middleware\\ValidatePostSize->handle(Object(Illuminate\\Http\\Request), Object(Closure))
#37 /Users/sumankhadka/Documents/Works/Software/laravel-sb-admin-2/vendor/laravel/framework/src/Illuminate/Foundation/Http/Middleware/PreventRequestsDuringMaintenance.php(103): Illuminate\\Pipeline\\Pipeline->Illuminate\\Pipeline\\{closure}(Object(Illuminate\\Http\\Request))
#38 /Users/sumankhadka/Documents/Works/Software/laravel-sb-admin-2/vendor/laravel/framework/src/Illuminate/Pipeline/Pipeline.php(183): Illuminate\\Foundation\\Http\\Middleware\\PreventRequestsDuringMaintenance->handle(Object(Illuminate\\Http\\Request), Object(Closure))
#39 /Users/sumankhadka/Documents/Works/Software/laravel-sb-admin-2/vendor/laravel/framework/src/Illuminate/Http/Middleware/HandleCors.php(49): Illuminate\\Pipeline\\Pipeline->Illuminate\\Pipeline\\{closure}(Object(Illuminate\\Http\\Request))
#40 /Users/sumankhadka/Documents/Works/Software/laravel-sb-admin-2/vendor/laravel/framework/src/Illuminate/Pipeline/Pipeline.php(183): Illuminate\\Http\\Middleware\\HandleCors->handle(Object(Illuminate\\Http\\Request), Object(Closure))
#41 /Users/sumankhadka/Documents/Works/Software/laravel-sb-admin-2/vendor/laravel/framework/src/Illuminate/Http/Middleware/TrustProxies.php(57): Illuminate\\Pipeline\\Pipeline->Illuminate\\Pipeline\\{closure}(Object(Illuminate\\Http\\Request))
#42 /Users/sumankhadka/Documents/Works/Software/laravel-sb-admin-2/vendor/laravel/framework/src/Illuminate/Pipeline/Pipeline.php(183): Illuminate\\Http\\Middleware\\TrustProxies->handle(Object(Illuminate\\Http\\Request), Object(Closure))
#43 /Users/sumankhadka/Documents/Works/Software/laravel-sb-admin-2/vendor/laravel/framework/src/Illuminate/Pipeline/Pipeline.php(119): Illuminate\\Pipeline\\Pipeline->Illuminate\\Pipeline\\{closure}(Object(Illuminate\\Http\\Request))
#44 /Users/sumankhadka/Documents/Works/Software/laravel-sb-admin-2/vendor/laravel/framework/src/Illuminate/Foundation/Http/Kernel.php(175): Illuminate\\Pipeline\\Pipeline->then(Object(Closure))
#45 /Users/sumankhadka/Documents/Works/Software/laravel-sb-admin-2/vendor/laravel/framework/src/Illuminate/Foundation/Http/Kernel.php(144): Illuminate\\Foundation\\Http\\Kernel->sendRequestThroughRouter(Object(Illuminate\\Http\\Request))
#46 /Users/sumankhadka/Documents/Works/Software/laravel-sb-admin-2/public/index.php(54): Illuminate\\Foundation\\Http\\Kernel->handle(Object(Illuminate\\Http\\Request))
#47 /Users/sumankhadka/Documents/Works/Software/laravel-sb-admin-2/server.php(21): require_once('/Users/sumankha...')
#48 {main}

[previous exception] [object] (PDOException(code: HY000): SQLSTATE[HY000]: General error: 1273 Unknown collation: 'utf8mb4_0900_ai_ci' at /Users/sumankhadka/Documents/Works/Software/laravel-sb-admin-2/vendor/laravel/framework/src/Illuminate/Database/Connectors/MySqlConnector.php:121)
[stacktrace]
#0 /Users/sumankhadka/Documents/Works/Software/laravel-sb-admin-2/vendor/laravel/framework/src/Illuminate/Database/Connectors/MySqlConnector.php(121): PDO->exec('SET NAMES 'utf8...')
#1 /Users/sumankhadka/Documents/Works/Software/laravel-sb-admin-2/vendor/laravel/framework/src/Illuminate/Database/Connectors/MySqlConnector.php(30): Illuminate\\Database\\Connectors\\MySqlConnector->configureConnection(Object(PDO), Array)
#2 /Users/sumankhadka/Documents/Works/Software/laravel-sb-admin-2/vendor/laravel/framework/src/Illuminate/Database/Connectors/ConnectionFactory.php(185): Illuminate\\Database\\Connectors\\MySqlConnector->connect(Array)
#3 [internal function]: Illuminate\\Database\\Connectors\\ConnectionFactory->Illuminate\\Database\\Connectors\\{closure}()
#4 /Users/sumankhadka/Documents/Works/Software/laravel-sb-admin-2/vendor/laravel/framework/src/Illuminate/Database/Connection.php(1219): call_user_func(Object(Closure))
#5 /Users/sumankhadka/Documents/Works/Software/laravel-sb-admin-2/vendor/laravel/framework/src/Illuminate/Database/Connection.php(1255): Illuminate\\Database\\Connection->getPdo()
#6 /Users/sumankhadka/Documents/Works/Software/laravel-sb-admin-2/vendor/laravel/framework/src/Illuminate/Database/Connection.php(512): Illuminate\\Database\\Connection->getReadPdo()
#7 /Users/sumankhadka/Documents/Works/Software/laravel-sb-admin-2/vendor/laravel/framework/src/Illuminate/Database/Connection.php(407): Illuminate\\Database\\Connection->getPdoForSelect(true)
#8 /Users/sumankhadka/Documents/Works/Software/laravel-sb-admin-2/vendor/laravel/framework/src/Illuminate/Database/Connection.php(800): Illuminate\\Database\\Connection->Illuminate\\Database\\{closure}('select * from `...', Array)
#9 /Users/sumankhadka/Documents/Works/Software/laravel-sb-admin-2/vendor/laravel/framework/src/Illuminate/Database/Connection.php(767): Illuminate\\Database\\Connection->runQueryCallback('select * from `...', Array, Object(Closure))
#10 /Users/sumankhadka/Documents/Works/Software/laravel-sb-admin-2/vendor/laravel/framework/src/Illuminate/Database/Connection.php(398): Illuminate\\Database\\Connection->run('select * from `...', Array, Object(Closure))
#11 /Users/sumankhadka/Documents/Works/Software/laravel-sb-admin-2/vendor/laravel/framework/src/Illuminate/Database/Query/Builder.php(2899): Illuminate\\Database\\Connection->select('select * from `...', Array, true)
#12 /Users/sumankhadka/Documents/Works/Software/laravel-sb-admin-2/vendor/laravel/framework/src/Illuminate/Database/Query/Builder.php(2884): Illuminate\\Database\\Query\\Builder->runSelect()
#13 /Users/sumankhadka/Documents/Works/Software/laravel-sb-admin-2/vendor/laravel/framework/src/Illuminate/Database/Query/Builder.php(3468): Illuminate\\Database\\Query\\Builder->Illuminate\\Database\\Query\\{closure}()
#14 /Users/sumankhadka/Documents/Works/Software/laravel-sb-admin-2/vendor/laravel/framework/src/Illuminate/Database/Query/Builder.php(2883): Illuminate\\Database\\Query\\Builder->onceWithColumns(Array, Object(Closure))
#15 /Users/sumankhadka/Documents/Works/Software/laravel-sb-admin-2/vendor/laravel/framework/src/Illuminate/Database/Concerns/BuildsQueries.php(333): Illuminate\\Database\\Query\\Builder->get(Array)
#16 /Users/sumankhadka/Documents/Works/Software/laravel-sb-admin-2/vendor/laravel/framework/src/Illuminate/Database/Query/Builder.php(2806): Illuminate\\Database\\Query\\Builder->first(Array)
#17 /Users/sumankhadka/Documents/Works/Software/laravel-sb-admin-2/vendor/laravel/framework/src/Illuminate/Session/DatabaseSessionHandler.php(97): Illuminate\\Database\\Query\\Builder->find('NLV6BJgzjMRVUOG...')
#18 /Users/sumankhadka/Documents/Works/Software/laravel-sb-admin-2/vendor/laravel/framework/src/Illuminate/Session/Store.php(113): Illuminate\\Session\\DatabaseSessionHandler->read('NLV6BJgzjMRVUOG...')
#19 /Users/sumankhadka/Documents/Works/Software/laravel-sb-admin-2/vendor/laravel/framework/src/Illuminate/Session/Store.php(101): Illuminate\\Session\\Store->readFromHandler()
#20 /Users/sumankhadka/Documents/Works/Software/laravel-sb-admin-2/vendor/laravel/framework/src/Illuminate/Session/Store.php(85): Illuminate\\Session\\Store->loadSession()
#21 /Users/sumankhadka/Documents/Works/Software/laravel-sb-admin-2/vendor/laravel/framework/src/Illuminate/Session/Middleware/StartSession.php(147): Illuminate\\Session\\Store->start()
#22 /Users/sumankhadka/Documents/Works/Software/laravel-sb-admin-2/vendor/laravel/framework/src/Illuminate/Support/helpers.php(345): Illuminate\\Session\\Middleware\\StartSession->Illuminate\\Session\\Middleware\\{closure}(Object(Illuminate\\Session\\Store))
#23 /Users/sumankhadka/Documents/Works/Software/laravel-sb-admin-2/vendor/laravel/framework/src/Illuminate/Session/Middleware/StartSession.php(144): tap(Object(Illuminate\\Session\\Store), Object(Closure))
#24 /Users/sumankhadka/Documents/Works/Software/laravel-sb-admin-2/vendor/laravel/framework/src/Illuminate/Session/Middleware/StartSession.php(116): Illuminate\\Session\\Middleware\\StartSession->startSession(Object(Illuminate\\Http\\Request), Object(Illuminate\\Session\\Store))
#25 /Users/sumankhadka/Documents/Works/Software/laravel-sb-admin-2/vendor/laravel/framework/src/Illuminate/Session/Middleware/StartSession.php(64): Illuminate\\Session\\Middleware\\StartSession->handleStatefulRequest(Object(Illuminate\\Http\\Request), Object(Illuminate\\Session\\Store), Object(Closure))
#26 /Users/sumankhadka/Documents/Works/Software/laravel-sb-admin-2/vendor/laravel/framework/src/Illuminate/Pipeline/Pipeline.php(183): Illuminate\\Session\\Middleware\\StartSession->handle(Object(Illuminate\\Http\\Request), Object(Closure))
#27 /Users/sumankhadka/Documents/Works/Software/laravel-sb-admin-2/vendor/laravel/framework/src/Illuminate/Cookie/Middleware/AddQueuedCookiesToResponse.php(37): Illuminate\\Pipeline\\Pipeline->Illuminate\\Pipeline\\{closure}(Object(Illuminate\\Http\\Request))
#28 /Users/sumankhadka/Documents/Works/Software/laravel-sb-admin-2/vendor/laravel/framework/src/Illuminate/Pipeline/Pipeline.php(183): Illuminate\\Cookie\\Middleware\\AddQueuedCookiesToResponse->handle(Object(Illuminate\\Http\\Request), Object(Closure))
#29 /Users/sumankhadka/Documents/Works/Software/laravel-sb-admin-2/vendor/laravel/framework/src/Illuminate/Cookie/Middleware/EncryptCookies.php(75): Illuminate\\Pipeline\\Pipeline->Illuminate\\Pipeline\\{closure}(Object(Illuminate\\Http\\Request))
#30 /Users/sumankhadka/Documents/Works/Software/laravel-sb-admin-2/vendor/laravel/framework/src/Illuminate/Pipeline/Pipeline.php(183): Illuminate\\Cookie\\Middleware\\EncryptCookies->handle(Object(Illuminate\\Http\\Request), Object(Closure))
#31 /Users/sumankhadka/Documents/Works/Software/laravel-sb-admin-2/vendor/laravel/framework/src/Illuminate/Pipeline/Pipeline.php(119): Illuminate\\Pipeline\\Pipeline->Illuminate\\Pipeline\\{closure}(Object(Illuminate\\Http\\Request))
#32 /Users/sumankhadka/Documents/Works/Software/laravel-sb-admin-2/vendor/laravel/framework/src/Illuminate/Routing/Router.php(805): Illuminate\\Pipeline\\Pipeline->then(Object(Closure))
#33 /Users/sumankhadka/Documents/Works/Software/laravel-sb-admin-2/vendor/laravel/framework/src/Illuminate/Routing/Router.php(784): Illuminate\\Routing\\Router->runRouteWithinStack(Object(Illuminate\\Routing\\Route), Object(Illuminate\\Http\\Request))
#34 /Users/sumankhadka/Documents/Works/Software/laravel-sb-admin-2/vendor/laravel/framework/src/Illuminate/Routing/Router.php(748): Illuminate\\Routing\\Router->runRoute(Object(Illuminate\\Http\\Request), Object(Illuminate\\Routing\\Route))
#35 /Users/sumankhadka/Documents/Works/Software/laravel-sb-admin-2/vendor/laravel/framework/src/Illuminate/Routing/Router.php(737): Illuminate\\Routing\\Router->dispatchToRoute(Object(Illuminate\\Http\\Request))
#36 /Users/sumankhadka/Documents/Works/Software/laravel-sb-admin-2/vendor/laravel/framework/src/Illuminate/Foundation/Http/Kernel.php(200): Illuminate\\Routing\\Router->dispatch(Object(Illuminate\\Http\\Request))
#37 /Users/sumankhadka/Documents/Works/Software/laravel-sb-admin-2/vendor/laravel/framework/src/Illuminate/Pipeline/Pipeline.php(144): Illuminate\\Foundation\\Http\\Kernel->Illuminate\\Foundation\\Http\\{closure}(Object(Illuminate\\Http\\Request))
#38 /Users/sumankhadka/Documents/Works/Software/laravel-sb-admin-2/vendor/laravel/framework/src/Illuminate/Foundation/Http/Middleware/TransformsRequest.php(21): Illuminate\\Pipeline\\Pipeline->Illuminate\\Pipeline\\{closure}(Object(Illuminate\\Http\\Request))
#39 /Users/sumankhadka/Documents/Works/Software/laravel-sb-admin-2/vendor/laravel/framework/src/Illuminate/Foundation/Http/Middleware/ConvertEmptyStringsToNull.php(31): Illuminate\\Foundation\\Http\\Middleware\\TransformsRequest->handle(Object(Illuminate\\Http\\Request), Object(Closure))
#40 /Users/sumankhadka/Documents/Works/Software/laravel-sb-admin-2/vendor/laravel/framework/src/Illuminate/Pipeline/Pipeline.php(183): Illuminate\\Foundation\\Http\\Middleware\\ConvertEmptyStringsToNull->handle(Object(Illuminate\\Http\\Request), Object(Closure))
#41 /Users/sumankhadka/Documents/Works/Software/laravel-sb-admin-2/vendor/laravel/framework/src/Illuminate/Foundation/Http/Middleware/TransformsRequest.php(21): Illuminate\\Pipeline\\Pipeline->Illuminate\\Pipeline\\{closure}(Object(Illuminate\\Http\\Request))
#42 /Users/sumankhadka/Documents/Works/Software/laravel-sb-admin-2/vendor/laravel/framework/src/Illuminate/Foundation/Http/Middleware/TrimStrings.php(50): Illuminate\\Foundation\\Http\\Middleware\\TransformsRequest->handle(Object(Illuminate\\Http\\Request), Object(Closure))
#43 /Users/sumankhadka/Documents/Works/Software/laravel-sb-admin-2/vendor/laravel/framework/src/Illuminate/Pipeline/Pipeline.php(183): Illuminate\\Foundation\\Http\\Middleware\\TrimStrings->handle(Object(Illuminate\\Http\\Request), Object(Closure))
#44 /Users/sumankhadka/Documents/Works/Software/laravel-sb-admin-2/vendor/laravel/framework/src/Illuminate/Http/Middleware/ValidatePostSize.php(27): Illuminate\\Pipeline\\Pipeline->Illuminate\\Pipeline\\{closure}(Object(Illuminate\\Http\\Request))
#45 /Users/sumankhadka/Documents/Works/Software/laravel-sb-admin-2/vendor/laravel/framework/src/Illuminate/Pipeline/Pipeline.php(183): Illuminate\\Http\\Middleware\\ValidatePostSize->handle(Object(Illuminate\\Http\\Request), Object(Closure))
#46 /Users/sumankhadka/Documents/Works/Software/laravel-sb-admin-2/vendor/laravel/framework/src/Illuminate/Foundation/Http/Middleware/PreventRequestsDuringMaintenance.php(103): Illuminate\\Pipeline\\Pipeline->Illuminate\\Pipeline\\{closure}(Object(Illuminate\\Http\\Request))
#47 /Users/sumankhadka/Documents/Works/Software/laravel-sb-admin-2/vendor/laravel/framework/src/Illuminate/Pipeline/Pipeline.php(183): Illuminate\\Foundation\\Http\\Middleware\\PreventRequestsDuringMaintenance->handle(Object(Illuminate\\Http\\Request), Object(Closure))
#48 /Users/sumankhadka/Documents/Works/Software/laravel-sb-admin-2/vendor/laravel/framework/src/Illuminate/Http/Middleware/HandleCors.php(49): Illuminate\\Pipeline\\Pipeline->Illuminate\\Pipeline\\{closure}(Object(Illuminate\\Http\\Request))
#49 /Users/sumankhadka/Documents/Works/Software/laravel-sb-admin-2/vendor/laravel/framework/src/Illuminate/Pipeline/Pipeline.php(183): Illuminate\\Http\\Middleware\\HandleCors->handle(Object(Illuminate\\Http\\Request), Object(Closure))
#50 /Users/sumankhadka/Documents/Works/Software/laravel-sb-admin-2/vendor/laravel/framework/src/Illuminate/Http/Middleware/TrustProxies.php(57): Illuminate\\Pipeline\\Pipeline->Illuminate\\Pipeline\\{closure}(Object(Illuminate\\Http\\Request))
#51 /Users/sumankhadka/Documents/Works/Software/laravel-sb-admin-2/vendor/laravel/framework/src/Illuminate/Pipeline/Pipeline.php(183): Illuminate\\Http\\Middleware\\TrustProxies->handle(Object(Illuminate\\Http\\Request), Object(Closure))
#52 /Users/sumankhadka/Documents/Works/Software/laravel-sb-admin-2/vendor/laravel/framework/src/Illuminate/Pipeline/Pipeline.php(119): Illuminate\\Pipeline\\Pipeline->Illuminate\\Pipeline\\{closure}(Object(Illuminate\\Http\\Request))
#53 /Users/sumankhadka/Documents/Works/Software/laravel-sb-admin-2/vendor/laravel/framework/src/Illuminate/Foundation/Http/Kernel.php(175): Illuminate\\Pipeline\\Pipeline->then(Object(Closure))
#54 /Users/sumankhadka/Documents/Works/Software/laravel-sb-admin-2/vendor/laravel/framework/src/Illuminate/Foundation/Http/Kernel.php(144): Illuminate\\Foundation\\Http\\Kernel->sendRequestThroughRouter(Object(Illuminate\\Http\\Request))
#55 /Users/sumankhadka/Documents/Works/Software/laravel-sb-admin-2/public/index.php(54): Illuminate\\Foundation\\Http\\Kernel->handle(Object(Illuminate\\Http\\Request))
#56 /Users/sumankhadka/Documents/Works/Software/laravel-sb-admin-2/server.php(21): require_once('/Users/sumankha...')
#57 {main}
"} 
[2024-04-03 07:45:40] local.ERROR: SQLSTATE[HY000]: General error: 1273 Unknown collation: 'utf8mb4_0900_ai_ci' (Connection: mysql, SQL: select table_name as `name`, (data_length + index_length) as `size`, table_comment as `comment`, engine as `engine`, table_collation as `collation` from information_schema.tables where table_schema = 'laravel-sb-admin-2' and table_type in ('BASE TABLE', 'SYSTEM VERSIONED') order by table_name) {"exception":"[object] (Illuminate\\Database\\QueryException(code: HY000): SQLSTATE[HY000]: General error: 1273 Unknown collation: 'utf8mb4_0900_ai_ci' (Connection: mysql, SQL: select table_name as `name`, (data_length + index_length) as `size`, table_comment as `comment`, engine as `engine`, table_collation as `collation` from information_schema.tables where table_schema = 'laravel-sb-admin-2' and table_type in ('BASE TABLE', 'SYSTEM VERSIONED') order by table_name) at /Users/sumankhadka/Documents/Works/Software/laravel-sb-admin-2/vendor/laravel/framework/src/Illuminate/Database/Connection.php:813)
[stacktrace]
#0 /Users/sumankhadka/Documents/Works/Software/laravel-sb-admin-2/vendor/laravel/framework/src/Illuminate/Database/Connection.php(767): Illuminate\\Database\\Connection->runQueryCallback('select table_na...', Array, Object(Closure))
#1 /Users/sumankhadka/Documents/Works/Software/laravel-sb-admin-2/vendor/laravel/framework/src/Illuminate/Database/Connection.php(398): Illuminate\\Database\\Connection->run('select table_na...', Array, Object(Closure))
#2 /Users/sumankhadka/Documents/Works/Software/laravel-sb-admin-2/vendor/laravel/framework/src/Illuminate/Database/Connection.php(385): Illuminate\\Database\\Connection->select('select table_na...', Array, false)
#3 /Users/sumankhadka/Documents/Works/Software/laravel-sb-admin-2/vendor/laravel/framework/src/Illuminate/Database/Schema/MySqlBuilder.php(41): Illuminate\\Database\\Connection->selectFromWriteConnection('select table_na...')
#4 /Users/sumankhadka/Documents/Works/Software/laravel-sb-admin-2/vendor/laravel/framework/src/Illuminate/Database/Schema/Builder.php(147): Illuminate\\Database\\Schema\\MySqlBuilder->getTables()
#5 /Users/sumankhadka/Documents/Works/Software/laravel-sb-admin-2/vendor/laravel/framework/src/Illuminate/Database/Migrations/DatabaseMigrationRepository.php(184): Illuminate\\Database\\Schema\\Builder->hasTable('migrations')
#6 /Users/sumankhadka/Documents/Works/Software/laravel-sb-admin-2/vendor/laravel/framework/src/Illuminate/Database/Migrations/Migrator.php(689): Illuminate\\Database\\Migrations\\DatabaseMigrationRepository->repositoryExists()
#7 /Users/sumankhadka/Documents/Works/Software/laravel-sb-admin-2/vendor/laravel/framework/src/Illuminate/Database/Console/Migrations/MigrateCommand.php(164): Illuminate\\Database\\Migrations\\Migrator->repositoryExists()
#8 /Users/sumankhadka/Documents/Works/Software/laravel-sb-admin-2/vendor/laravel/framework/src/Illuminate/Support/helpers.php(300): Illuminate\\Database\\Console\\Migrations\\MigrateCommand->Illuminate\\Database\\Console\\Migrations\\{closure}(1)
#9 /Users/sumankhadka/Documents/Works/Software/laravel-sb-admin-2/vendor/laravel/framework/src/Illuminate/Database/Console/Migrations/MigrateCommand.php(164): retry(1, Object(Closure), 0, Object(Closure))
#10 /Users/sumankhadka/Documents/Works/Software/laravel-sb-admin-2/vendor/laravel/framework/src/Illuminate/Database/Console/Migrations/MigrateCommand.php(140): Illuminate\\Database\\Console\\Migrations\\MigrateCommand->repositoryExists()
#11 /Users/sumankhadka/Documents/Works/Software/laravel-sb-admin-2/vendor/laravel/framework/src/Illuminate/Database/Console/Migrations/MigrateCommand.php(110): Illuminate\\Database\\Console\\Migrations\\MigrateCommand->prepareDatabase()
#12 /Users/sumankhadka/Documents/Works/Software/laravel-sb-admin-2/vendor/laravel/framework/src/Illuminate/Database/Migrations/Migrator.php(622): Illuminate\\Database\\Console\\Migrations\\MigrateCommand->Illuminate\\Database\\Console\\Migrations\\{closure}()
#13 /Users/sumankhadka/Documents/Works/Software/laravel-sb-admin-2/vendor/laravel/framework/src/Illuminate/Database/Console/Migrations/MigrateCommand.php(109): Illuminate\\Database\\Migrations\\Migrator->usingConnection(NULL, Object(Closure))
#14 /Users/sumankhadka/Documents/Works/Software/laravel-sb-admin-2/vendor/laravel/framework/src/Illuminate/Database/Console/Migrations/MigrateCommand.php(88): Illuminate\\Database\\Console\\Migrations\\MigrateCommand->runMigrations()
#15 /Users/sumankhadka/Documents/Works/Software/laravel-sb-admin-2/vendor/laravel/framework/src/Illuminate/Container/BoundMethod.php(36): Illuminate\\Database\\Console\\Migrations\\MigrateCommand->handle()
#16 /Users/sumankhadka/Documents/Works/Software/laravel-sb-admin-2/vendor/laravel/framework/src/Illuminate/Container/Util.php(41): Illuminate\\Container\\BoundMethod::Illuminate\\Container\\{closure}()
#17 /Users/sumankhadka/Documents/Works/Software/laravel-sb-admin-2/vendor/laravel/framework/src/Illuminate/Container/BoundMethod.php(93): Illuminate\\Container\\Util::unwrapIfClosure(Object(Closure))
#18 /Users/sumankhadka/Documents/Works/Software/laravel-sb-admin-2/vendor/laravel/framework/src/Illuminate/Container/BoundMethod.php(35): Illuminate\\Container\\BoundMethod::callBoundMethod(Object(Illuminate\\Foundation\\Application), Array, Object(Closure))
#19 /Users/sumankhadka/Documents/Works/Software/laravel-sb-admin-2/vendor/laravel/framework/src/Illuminate/Container/Container.php(662): Illuminate\\Container\\BoundMethod::call(Object(Illuminate\\Foundation\\Application), Array, Array, NULL)
#20 /Users/sumankhadka/Documents/Works/Software/laravel-sb-admin-2/vendor/laravel/framework/src/Illuminate/Console/Command.php(212): Illuminate\\Container\\Container->call(Array)
#21 /Users/sumankhadka/Documents/Works/Software/laravel-sb-admin-2/vendor/symfony/console/Command/Command.php(279): Illuminate\\Console\\Command->execute(Object(Symfony\\Component\\Console\\Input\\ArgvInput), Object(Illuminate\\Console\\OutputStyle))
#22 /Users/sumankhadka/Documents/Works/Software/laravel-sb-admin-2/vendor/laravel/framework/src/Illuminate/Console/Command.php(181): Symfony\\Component\\Console\\Command\\Command->run(Object(Symfony\\Component\\Console\\Input\\ArgvInput), Object(Illuminate\\Console\\OutputStyle))
#23 /Users/sumankhadka/Documents/Works/Software/laravel-sb-admin-2/vendor/symfony/console/Application.php(1049): Illuminate\\Console\\Command->run(Object(Symfony\\Component\\Console\\Input\\ArgvInput), Object(Symfony\\Component\\Console\\Output\\ConsoleOutput))
#24 /Users/sumankhadka/Documents/Works/Software/laravel-sb-admin-2/vendor/symfony/console/Application.php(318): Symfony\\Component\\Console\\Application->doRunCommand(Object(Illuminate\\Database\\Console\\Migrations\\MigrateCommand), Object(Symfony\\Component\\Console\\Input\\ArgvInput), Object(Symfony\\Component\\Console\\Output\\ConsoleOutput))
#25 /Users/sumankhadka/Documents/Works/Software/laravel-sb-admin-2/vendor/symfony/console/Application.php(169): Symfony\\Component\\Console\\Application->doRun(Object(Symfony\\Component\\Console\\Input\\ArgvInput), Object(Symfony\\Component\\Console\\Output\\ConsoleOutput))
#26 /Users/sumankhadka/Documents/Works/Software/laravel-sb-admin-2/vendor/laravel/framework/src/Illuminate/Foundation/Console/Kernel.php(196): Symfony\\Component\\Console\\Application->run(Object(Symfony\\Component\\Console\\Input\\ArgvInput), Object(Symfony\\Component\\Console\\Output\\ConsoleOutput))
#27 /Users/sumankhadka/Documents/Works/Software/laravel-sb-admin-2/artisan(35): Illuminate\\Foundation\\Console\\Kernel->handle(Object(Symfony\\Component\\Console\\Input\\ArgvInput), Object(Symfony\\Component\\Console\\Output\\ConsoleOutput))
#28 {main}

[previous exception] [object] (PDOException(code: HY000): SQLSTATE[HY000]: General error: 1273 Unknown collation: 'utf8mb4_0900_ai_ci' at /Users/sumankhadka/Documents/Works/Software/laravel-sb-admin-2/vendor/laravel/framework/src/Illuminate/Database/Connectors/MySqlConnector.php:121)
[stacktrace]
#0 /Users/sumankhadka/Documents/Works/Software/laravel-sb-admin-2/vendor/laravel/framework/src/Illuminate/Database/Connectors/MySqlConnector.php(121): PDO->exec('SET NAMES 'utf8...')
#1 /Users/sumankhadka/Documents/Works/Software/laravel-sb-admin-2/vendor/laravel/framework/src/Illuminate/Database/Connectors/MySqlConnector.php(30): Illuminate\\Database\\Connectors\\MySqlConnector->configureConnection(Object(PDO), Array)
#2 /Users/sumankhadka/Documents/Works/Software/laravel-sb-admin-2/vendor/laravel/framework/src/Illuminate/Database/Connectors/ConnectionFactory.php(185): Illuminate\\Database\\Connectors\\MySqlConnector->connect(Array)
#3 [internal function]: Illuminate\\Database\\Connectors\\ConnectionFactory->Illuminate\\Database\\Connectors\\{closure}()
#4 /Users/sumankhadka/Documents/Works/Software/laravel-sb-admin-2/vendor/laravel/framework/src/Illuminate/Database/Connection.php(1219): call_user_func(Object(Closure))
#5 /Users/sumankhadka/Documents/Works/Software/laravel-sb-admin-2/vendor/laravel/framework/src/Illuminate/Database/Connection.php(512): Illuminate\\Database\\Connection->getPdo()
#6 /Users/sumankhadka/Documents/Works/Software/laravel-sb-admin-2/vendor/laravel/framework/src/Illuminate/Database/Connection.php(407): Illuminate\\Database\\Connection->getPdoForSelect(false)
#7 /Users/sumankhadka/Documents/Works/Software/laravel-sb-admin-2/vendor/laravel/framework/src/Illuminate/Database/Connection.php(800): Illuminate\\Database\\Connection->Illuminate\\Database\\{closure}('select table_na...', Array)
#8 /Users/sumankhadka/Documents/Works/Software/laravel-sb-admin-2/vendor/laravel/framework/src/Illuminate/Database/Connection.php(767): Illuminate\\Database\\Connection->runQueryCallback('select table_na...', Array, Object(Closure))
#9 /Users/sumankhadka/Documents/Works/Software/laravel-sb-admin-2/vendor/laravel/framework/src/Illuminate/Database/Connection.php(398): Illuminate\\Database\\Connection->run('select table_na...', Array, Object(Closure))
#10 /Users/sumankhadka/Documents/Works/Software/laravel-sb-admin-2/vendor/laravel/framework/src/Illuminate/Database/Connection.php(385): Illuminate\\Database\\Connection->select('select table_na...', Array, false)
#11 /Users/sumankhadka/Documents/Works/Software/laravel-sb-admin-2/vendor/laravel/framework/src/Illuminate/Database/Schema/MySqlBuilder.php(41): Illuminate\\Database\\Connection->selectFromWriteConnection('select table_na...')
#12 /Users/sumankhadka/Documents/Works/Software/laravel-sb-admin-2/vendor/laravel/framework/src/Illuminate/Database/Schema/Builder.php(147): Illuminate\\Database\\Schema\\MySqlBuilder->getTables()
#13 /Users/sumankhadka/Documents/Works/Software/laravel-sb-admin-2/vendor/laravel/framework/src/Illuminate/Database/Migrations/DatabaseMigrationRepository.php(184): Illuminate\\Database\\Schema\\Builder->hasTable('migrations')
#14 /Users/sumankhadka/Documents/Works/Software/laravel-sb-admin-2/vendor/laravel/framework/src/Illuminate/Database/Migrations/Migrator.php(689): Illuminate\\Database\\Migrations\\DatabaseMigrationRepository->repositoryExists()
#15 /Users/sumankhadka/Documents/Works/Software/laravel-sb-admin-2/vendor/laravel/framework/src/Illuminate/Database/Console/Migrations/MigrateCommand.php(164): Illuminate\\Database\\Migrations\\Migrator->repositoryExists()
#16 /Users/sumankhadka/Documents/Works/Software/laravel-sb-admin-2/vendor/laravel/framework/src/Illuminate/Support/helpers.php(300): Illuminate\\Database\\Console\\Migrations\\MigrateCommand->Illuminate\\Database\\Console\\Migrations\\{closure}(1)
#17 /Users/sumankhadka/Documents/Works/Software/laravel-sb-admin-2/vendor/laravel/framework/src/Illuminate/Database/Console/Migrations/MigrateCommand.php(164): retry(1, Object(Closure), 0, Object(Closure))
#18 /Users/sumankhadka/Documents/Works/Software/laravel-sb-admin-2/vendor/laravel/framework/src/Illuminate/Database/Console/Migrations/MigrateCommand.php(140): Illuminate\\Database\\Console\\Migrations\\MigrateCommand->repositoryExists()
#19 /Users/sumankhadka/Documents/Works/Software/laravel-sb-admin-2/vendor/laravel/framework/src/Illuminate/Database/Console/Migrations/MigrateCommand.php(110): Illuminate\\Database\\Console\\Migrations\\MigrateCommand->prepareDatabase()
#20 /Users/sumankhadka/Documents/Works/Software/laravel-sb-admin-2/vendor/laravel/framework/src/Illuminate/Database/Migrations/Migrator.php(622): Illuminate\\Database\\Console\\Migrations\\MigrateCommand->Illuminate\\Database\\Console\\Migrations\\{closure}()
#21 /Users/sumankhadka/Documents/Works/Software/laravel-sb-admin-2/vendor/laravel/framework/src/Illuminate/Database/Console/Migrations/MigrateCommand.php(109): Illuminate\\Database\\Migrations\\Migrator->usingConnection(NULL, Object(Closure))
#22 /Users/sumankhadka/Documents/Works/Software/laravel-sb-admin-2/vendor/laravel/framework/src/Illuminate/Database/Console/Migrations/MigrateCommand.php(88): Illuminate\\Database\\Console\\Migrations\\MigrateCommand->runMigrations()
#23 /Users/sumankhadka/Documents/Works/Software/laravel-sb-admin-2/vendor/laravel/framework/src/Illuminate/Container/BoundMethod.php(36): Illuminate\\Database\\Console\\Migrations\\MigrateCommand->handle()
#24 /Users/sumankhadka/Documents/Works/Software/laravel-sb-admin-2/vendor/laravel/framework/src/Illuminate/Container/Util.php(41): Illuminate\\Container\\BoundMethod::Illuminate\\Container\\{closure}()
#25 /Users/sumankhadka/Documents/Works/Software/laravel-sb-admin-2/vendor/laravel/framework/src/Illuminate/Container/BoundMethod.php(93): Illuminate\\Container\\Util::unwrapIfClosure(Object(Closure))
#26 /Users/sumankhadka/Documents/Works/Software/laravel-sb-admin-2/vendor/laravel/framework/src/Illuminate/Container/BoundMethod.php(35): Illuminate\\Container\\BoundMethod::callBoundMethod(Object(Illuminate\\Foundation\\Application), Array, Object(Closure))
#27 /Users/sumankhadka/Documents/Works/Software/laravel-sb-admin-2/vendor/laravel/framework/src/Illuminate/Container/Container.php(662): Illuminate\\Container\\BoundMethod::call(Object(Illuminate\\Foundation\\Application), Array, Array, NULL)
#28 /Users/sumankhadka/Documents/Works/Software/laravel-sb-admin-2/vendor/laravel/framework/src/Illuminate/Console/Command.php(212): Illuminate\\Container\\Container->call(Array)
#29 /Users/sumankhadka/Documents/Works/Software/laravel-sb-admin-2/vendor/symfony/console/Command/Command.php(279): Illuminate\\Console\\Command->execute(Object(Symfony\\Component\\Console\\Input\\ArgvInput), Object(Illuminate\\Console\\OutputStyle))
#30 /Users/sumankhadka/Documents/Works/Software/laravel-sb-admin-2/vendor/laravel/framework/src/Illuminate/Console/Command.php(181): Symfony\\Component\\Console\\Command\\Command->run(Object(Symfony\\Component\\Console\\Input\\ArgvInput), Object(Illuminate\\Console\\OutputStyle))
#31 /Users/sumankhadka/Documents/Works/Software/laravel-sb-admin-2/vendor/symfony/console/Application.php(1049): Illuminate\\Console\\Command->run(Object(Symfony\\Component\\Console\\Input\\ArgvInput), Object(Symfony\\Component\\Console\\Output\\ConsoleOutput))
#32 /Users/sumankhadka/Documents/Works/Software/laravel-sb-admin-2/vendor/symfony/console/Application.php(318): Symfony\\Component\\Console\\Application->doRunCommand(Object(Illuminate\\Database\\Console\\Migrations\\MigrateCommand), Object(Symfony\\Component\\Console\\Input\\ArgvInput), Object(Symfony\\Component\\Console\\Output\\ConsoleOutput))
#33 /Users/sumankhadka/Documents/Works/Software/laravel-sb-admin-2/vendor/symfony/console/Application.php(169): Symfony\\Component\\Console\\Application->doRun(Object(Symfony\\Component\\Console\\Input\\ArgvInput), Object(Symfony\\Component\\Console\\Output\\ConsoleOutput))
#34 /Users/sumankhadka/Documents/Works/Software/laravel-sb-admin-2/vendor/laravel/framework/src/Illuminate/Foundation/Console/Kernel.php(196): Symfony\\Component\\Console\\Application->run(Object(Symfony\\Component\\Console\\Input\\ArgvInput), Object(Symfony\\Component\\Console\\Output\\ConsoleOutput))
#35 /Users/sumankhadka/Documents/Works/Software/laravel-sb-admin-2/artisan(35): Illuminate\\Foundation\\Console\\Kernel->handle(Object(Symfony\\Component\\Console\\Input\\ArgvInput), Object(Symfony\\Component\\Console\\Output\\ConsoleOutput))
#36 {main}
"} 
[2024-04-03 07:49:26] local.ERROR: SQLSTATE[HY000]: General error: 1273 Unknown collation: 'utf8mb4_0900_ai_ci' (Connection: mysql, SQL: select table_name as `name`, (data_length + index_length) as `size`, table_comment as `comment`, engine as `engine`, table_collation as `collation` from information_schema.tables where table_schema = 'laravel-sb-admin-2' and table_type in ('BASE TABLE', 'SYSTEM VERSIONED') order by table_name) {"exception":"[object] (Illuminate\\Database\\QueryException(code: HY000): SQLSTATE[HY000]: General error: 1273 Unknown collation: 'utf8mb4_0900_ai_ci' (Connection: mysql, SQL: select table_name as `name`, (data_length + index_length) as `size`, table_comment as `comment`, engine as `engine`, table_collation as `collation` from information_schema.tables where table_schema = 'laravel-sb-admin-2' and table_type in ('BASE TABLE', 'SYSTEM VERSIONED') order by table_name) at /Users/sumankhadka/Documents/Works/Software/laravel-sb-admin-2/vendor/laravel/framework/src/Illuminate/Database/Connection.php:813)
[stacktrace]
#0 /Users/sumankhadka/Documents/Works/Software/laravel-sb-admin-2/vendor/laravel/framework/src/Illuminate/Database/Connection.php(767): Illuminate\\Database\\Connection->runQueryCallback('select table_na...', Array, Object(Closure))
#1 /Users/sumankhadka/Documents/Works/Software/laravel-sb-admin-2/vendor/laravel/framework/src/Illuminate/Database/Connection.php(398): Illuminate\\Database\\Connection->run('select table_na...', Array, Object(Closure))
#2 /Users/sumankhadka/Documents/Works/Software/laravel-sb-admin-2/vendor/laravel/framework/src/Illuminate/Database/Connection.php(385): Illuminate\\Database\\Connection->select('select table_na...', Array, false)
#3 /Users/sumankhadka/Documents/Works/Software/laravel-sb-admin-2/vendor/laravel/framework/src/Illuminate/Database/Schema/MySqlBuilder.php(41): Illuminate\\Database\\Connection->selectFromWriteConnection('select table_na...')
#4 /Users/sumankhadka/Documents/Works/Software/laravel-sb-admin-2/vendor/laravel/framework/src/Illuminate/Database/Schema/Builder.php(147): Illuminate\\Database\\Schema\\MySqlBuilder->getTables()
#5 /Users/sumankhadka/Documents/Works/Software/laravel-sb-admin-2/vendor/laravel/framework/src/Illuminate/Database/Migrations/DatabaseMigrationRepository.php(184): Illuminate\\Database\\Schema\\Builder->hasTable('migrations')
#6 /Users/sumankhadka/Documents/Works/Software/laravel-sb-admin-2/vendor/laravel/framework/src/Illuminate/Database/Migrations/Migrator.php(689): Illuminate\\Database\\Migrations\\DatabaseMigrationRepository->repositoryExists()
#7 /Users/sumankhadka/Documents/Works/Software/laravel-sb-admin-2/vendor/laravel/framework/src/Illuminate/Database/Console/Migrations/MigrateCommand.php(164): Illuminate\\Database\\Migrations\\Migrator->repositoryExists()
#8 /Users/sumankhadka/Documents/Works/Software/laravel-sb-admin-2/vendor/laravel/framework/src/Illuminate/Support/helpers.php(300): Illuminate\\Database\\Console\\Migrations\\MigrateCommand->Illuminate\\Database\\Console\\Migrations\\{closure}(1)
#9 /Users/sumankhadka/Documents/Works/Software/laravel-sb-admin-2/vendor/laravel/framework/src/Illuminate/Database/Console/Migrations/MigrateCommand.php(164): retry(1, Object(Closure), 0, Object(Closure))
#10 /Users/sumankhadka/Documents/Works/Software/laravel-sb-admin-2/vendor/laravel/framework/src/Illuminate/Database/Console/Migrations/MigrateCommand.php(140): Illuminate\\Database\\Console\\Migrations\\MigrateCommand->repositoryExists()
#11 /Users/sumankhadka/Documents/Works/Software/laravel-sb-admin-2/vendor/laravel/framework/src/Illuminate/Database/Console/Migrations/MigrateCommand.php(110): Illuminate\\Database\\Console\\Migrations\\MigrateCommand->prepareDatabase()
#12 /Users/sumankhadka/Documents/Works/Software/laravel-sb-admin-2/vendor/laravel/framework/src/Illuminate/Database/Migrations/Migrator.php(622): Illuminate\\Database\\Console\\Migrations\\MigrateCommand->Illuminate\\Database\\Console\\Migrations\\{closure}()
#13 /Users/sumankhadka/Documents/Works/Software/laravel-sb-admin-2/vendor/laravel/framework/src/Illuminate/Database/Console/Migrations/MigrateCommand.php(109): Illuminate\\Database\\Migrations\\Migrator->usingConnection(NULL, Object(Closure))
#14 /Users/sumankhadka/Documents/Works/Software/laravel-sb-admin-2/vendor/laravel/framework/src/Illuminate/Database/Console/Migrations/MigrateCommand.php(88): Illuminate\\Database\\Console\\Migrations\\MigrateCommand->runMigrations()
#15 /Users/sumankhadka/Documents/Works/Software/laravel-sb-admin-2/vendor/laravel/framework/src/Illuminate/Container/BoundMethod.php(36): Illuminate\\Database\\Console\\Migrations\\MigrateCommand->handle()
#16 /Users/sumankhadka/Documents/Works/Software/laravel-sb-admin-2/vendor/laravel/framework/src/Illuminate/Container/Util.php(41): Illuminate\\Container\\BoundMethod::Illuminate\\Container\\{closure}()
#17 /Users/sumankhadka/Documents/Works/Software/laravel-sb-admin-2/vendor/laravel/framework/src/Illuminate/Container/BoundMethod.php(93): Illuminate\\Container\\Util::unwrapIfClosure(Object(Closure))
#18 /Users/sumankhadka/Documents/Works/Software/laravel-sb-admin-2/vendor/laravel/framework/src/Illuminate/Container/BoundMethod.php(35): Illuminate\\Container\\BoundMethod::callBoundMethod(Object(Illuminate\\Foundation\\Application), Array, Object(Closure))
#19 /Users/sumankhadka/Documents/Works/Software/laravel-sb-admin-2/vendor/laravel/framework/src/Illuminate/Container/Container.php(662): Illuminate\\Container\\BoundMethod::call(Object(Illuminate\\Foundation\\Application), Array, Array, NULL)
#20 /Users/sumankhadka/Documents/Works/Software/laravel-sb-admin-2/vendor/laravel/framework/src/Illuminate/Console/Command.php(212): Illuminate\\Container\\Container->call(Array)
#21 /Users/sumankhadka/Documents/Works/Software/laravel-sb-admin-2/vendor/symfony/console/Command/Command.php(279): Illuminate\\Console\\Command->execute(Object(Symfony\\Component\\Console\\Input\\ArgvInput), Object(Illuminate\\Console\\OutputStyle))
#22 /Users/sumankhadka/Documents/Works/Software/laravel-sb-admin-2/vendor/laravel/framework/src/Illuminate/Console/Command.php(181): Symfony\\Component\\Console\\Command\\Command->run(Object(Symfony\\Component\\Console\\Input\\ArgvInput), Object(Illuminate\\Console\\OutputStyle))
#23 /Users/sumankhadka/Documents/Works/Software/laravel-sb-admin-2/vendor/symfony/console/Application.php(1049): Illuminate\\Console\\Command->run(Object(Symfony\\Component\\Console\\Input\\ArgvInput), Object(Symfony\\Component\\Console\\Output\\ConsoleOutput))
#24 /Users/sumankhadka/Documents/Works/Software/laravel-sb-admin-2/vendor/symfony/console/Application.php(318): Symfony\\Component\\Console\\Application->doRunCommand(Object(Illuminate\\Database\\Console\\Migrations\\MigrateCommand), Object(Symfony\\Component\\Console\\Input\\ArgvInput), Object(Symfony\\Component\\Console\\Output\\ConsoleOutput))
#25 /Users/sumankhadka/Documents/Works/Software/laravel-sb-admin-2/vendor/symfony/console/Application.php(169): Symfony\\Component\\Console\\Application->doRun(Object(Symfony\\Component\\Console\\Input\\ArgvInput), Object(Symfony\\Component\\Console\\Output\\ConsoleOutput))
#26 /Users/sumankhadka/Documents/Works/Software/laravel-sb-admin-2/vendor/laravel/framework/src/Illuminate/Foundation/Console/Kernel.php(196): Symfony\\Component\\Console\\Application->run(Object(Symfony\\Component\\Console\\Input\\ArgvInput), Object(Symfony\\Component\\Console\\Output\\ConsoleOutput))
#27 /Users/sumankhadka/Documents/Works/Software/laravel-sb-admin-2/artisan(35): Illuminate\\Foundation\\Console\\Kernel->handle(Object(Symfony\\Component\\Console\\Input\\ArgvInput), Object(Symfony\\Component\\Console\\Output\\ConsoleOutput))
#28 {main}

[previous exception] [object] (PDOException(code: HY000): SQLSTATE[HY000]: General error: 1273 Unknown collation: 'utf8mb4_0900_ai_ci' at /Users/sumankhadka/Documents/Works/Software/laravel-sb-admin-2/vendor/laravel/framework/src/Illuminate/Database/Connectors/MySqlConnector.php:121)
[stacktrace]
#0 /Users/sumankhadka/Documents/Works/Software/laravel-sb-admin-2/vendor/laravel/framework/src/Illuminate/Database/Connectors/MySqlConnector.php(121): PDO->exec('SET NAMES 'utf8...')
#1 /Users/sumankhadka/Documents/Works/Software/laravel-sb-admin-2/vendor/laravel/framework/src/Illuminate/Database/Connectors/MySqlConnector.php(30): Illuminate\\Database\\Connectors\\MySqlConnector->configureConnection(Object(PDO), Array)
#2 /Users/sumankhadka/Documents/Works/Software/laravel-sb-admin-2/vendor/laravel/framework/src/Illuminate/Database/Connectors/ConnectionFactory.php(185): Illuminate\\Database\\Connectors\\MySqlConnector->connect(Array)
#3 [internal function]: Illuminate\\Database\\Connectors\\ConnectionFactory->Illuminate\\Database\\Connectors\\{closure}()
#4 /Users/sumankhadka/Documents/Works/Software/laravel-sb-admin-2/vendor/laravel/framework/src/Illuminate/Database/Connection.php(1219): call_user_func(Object(Closure))
#5 /Users/sumankhadka/Documents/Works/Software/laravel-sb-admin-2/vendor/laravel/framework/src/Illuminate/Database/Connection.php(512): Illuminate\\Database\\Connection->getPdo()
#6 /Users/sumankhadka/Documents/Works/Software/laravel-sb-admin-2/vendor/laravel/framework/src/Illuminate/Database/Connection.php(407): Illuminate\\Database\\Connection->getPdoForSelect(false)
#7 /Users/sumankhadka/Documents/Works/Software/laravel-sb-admin-2/vendor/laravel/framework/src/Illuminate/Database/Connection.php(800): Illuminate\\Database\\Connection->Illuminate\\Database\\{closure}('select table_na...', Array)
#8 /Users/sumankhadka/Documents/Works/Software/laravel-sb-admin-2/vendor/laravel/framework/src/Illuminate/Database/Connection.php(767): Illuminate\\Database\\Connection->runQueryCallback('select table_na...', Array, Object(Closure))
#9 /Users/sumankhadka/Documents/Works/Software/laravel-sb-admin-2/vendor/laravel/framework/src/Illuminate/Database/Connection.php(398): Illuminate\\Database\\Connection->run('select table_na...', Array, Object(Closure))
#10 /Users/sumankhadka/Documents/Works/Software/laravel-sb-admin-2/vendor/laravel/framework/src/Illuminate/Database/Connection.php(385): Illuminate\\Database\\Connection->select('select table_na...', Array, false)
#11 /Users/sumankhadka/Documents/Works/Software/laravel-sb-admin-2/vendor/laravel/framework/src/Illuminate/Database/Schema/MySqlBuilder.php(41): Illuminate\\Database\\Connection->selectFromWriteConnection('select table_na...')
#12 /Users/sumankhadka/Documents/Works/Software/laravel-sb-admin-2/vendor/laravel/framework/src/Illuminate/Database/Schema/Builder.php(147): Illuminate\\Database\\Schema\\MySqlBuilder->getTables()
#13 /Users/sumankhadka/Documents/Works/Software/laravel-sb-admin-2/vendor/laravel/framework/src/Illuminate/Database/Migrations/DatabaseMigrationRepository.php(184): Illuminate\\Database\\Schema\\Builder->hasTable('migrations')
#14 /Users/sumankhadka/Documents/Works/Software/laravel-sb-admin-2/vendor/laravel/framework/src/Illuminate/Database/Migrations/Migrator.php(689): Illuminate\\Database\\Migrations\\DatabaseMigrationRepository->repositoryExists()
#15 /Users/sumankhadka/Documents/Works/Software/laravel-sb-admin-2/vendor/laravel/framework/src/Illuminate/Database/Console/Migrations/MigrateCommand.php(164): Illuminate\\Database\\Migrations\\Migrator->repositoryExists()
#16 /Users/sumankhadka/Documents/Works/Software/laravel-sb-admin-2/vendor/laravel/framework/src/Illuminate/Support/helpers.php(300): Illuminate\\Database\\Console\\Migrations\\MigrateCommand->Illuminate\\Database\\Console\\Migrations\\{closure}(1)
#17 /Users/sumankhadka/Documents/Works/Software/laravel-sb-admin-2/vendor/laravel/framework/src/Illuminate/Database/Console/Migrations/MigrateCommand.php(164): retry(1, Object(Closure), 0, Object(Closure))
#18 /Users/sumankhadka/Documents/Works/Software/laravel-sb-admin-2/vendor/laravel/framework/src/Illuminate/Database/Console/Migrations/MigrateCommand.php(140): Illuminate\\Database\\Console\\Migrations\\MigrateCommand->repositoryExists()
#19 /Users/sumankhadka/Documents/Works/Software/laravel-sb-admin-2/vendor/laravel/framework/src/Illuminate/Database/Console/Migrations/MigrateCommand.php(110): Illuminate\\Database\\Console\\Migrations\\MigrateCommand->prepareDatabase()
#20 /Users/sumankhadka/Documents/Works/Software/laravel-sb-admin-2/vendor/laravel/framework/src/Illuminate/Database/Migrations/Migrator.php(622): Illuminate\\Database\\Console\\Migrations\\MigrateCommand->Illuminate\\Database\\Console\\Migrations\\{closure}()
#21 /Users/sumankhadka/Documents/Works/Software/laravel-sb-admin-2/vendor/laravel/framework/src/Illuminate/Database/Console/Migrations/MigrateCommand.php(109): Illuminate\\Database\\Migrations\\Migrator->usingConnection(NULL, Object(Closure))
#22 /Users/sumankhadka/Documents/Works/Software/laravel-sb-admin-2/vendor/laravel/framework/src/Illuminate/Database/Console/Migrations/MigrateCommand.php(88): Illuminate\\Database\\Console\\Migrations\\MigrateCommand->runMigrations()
#23 /Users/sumankhadka/Documents/Works/Software/laravel-sb-admin-2/vendor/laravel/framework/src/Illuminate/Container/BoundMethod.php(36): Illuminate\\Database\\Console\\Migrations\\MigrateCommand->handle()
#24 /Users/sumankhadka/Documents/Works/Software/laravel-sb-admin-2/vendor/laravel/framework/src/Illuminate/Container/Util.php(41): Illuminate\\Container\\BoundMethod::Illuminate\\Container\\{closure}()
#25 /Users/sumankhadka/Documents/Works/Software/laravel-sb-admin-2/vendor/laravel/framework/src/Illuminate/Container/BoundMethod.php(93): Illuminate\\Container\\Util::unwrapIfClosure(Object(Closure))
#26 /Users/sumankhadka/Documents/Works/Software/laravel-sb-admin-2/vendor/laravel/framework/src/Illuminate/Container/BoundMethod.php(35): Illuminate\\Container\\BoundMethod::callBoundMethod(Object(Illuminate\\Foundation\\Application), Array, Object(Closure))
#27 /Users/sumankhadka/Documents/Works/Software/laravel-sb-admin-2/vendor/laravel/framework/src/Illuminate/Container/Container.php(662): Illuminate\\Container\\BoundMethod::call(Object(Illuminate\\Foundation\\Application), Array, Array, NULL)
#28 /Users/sumankhadka/Documents/Works/Software/laravel-sb-admin-2/vendor/laravel/framework/src/Illuminate/Console/Command.php(212): Illuminate\\Container\\Container->call(Array)
#29 /Users/sumankhadka/Documents/Works/Software/laravel-sb-admin-2/vendor/symfony/console/Command/Command.php(279): Illuminate\\Console\\Command->execute(Object(Symfony\\Component\\Console\\Input\\ArgvInput), Object(Illuminate\\Console\\OutputStyle))
#30 /Users/sumankhadka/Documents/Works/Software/laravel-sb-admin-2/vendor/laravel/framework/src/Illuminate/Console/Command.php(181): Symfony\\Component\\Console\\Command\\Command->run(Object(Symfony\\Component\\Console\\Input\\ArgvInput), Object(Illuminate\\Console\\OutputStyle))
#31 /Users/sumankhadka/Documents/Works/Software/laravel-sb-admin-2/vendor/symfony/console/Application.php(1049): Illuminate\\Console\\Command->run(Object(Symfony\\Component\\Console\\Input\\ArgvInput), Object(Symfony\\Component\\Console\\Output\\ConsoleOutput))
#32 /Users/sumankhadka/Documents/Works/Software/laravel-sb-admin-2/vendor/symfony/console/Application.php(318): Symfony\\Component\\Console\\Application->doRunCommand(Object(Illuminate\\Database\\Console\\Migrations\\MigrateCommand), Object(Symfony\\Component\\Console\\Input\\ArgvInput), Object(Symfony\\Component\\Console\\Output\\ConsoleOutput))
#33 /Users/sumankhadka/Documents/Works/Software/laravel-sb-admin-2/vendor/symfony/console/Application.php(169): Symfony\\Component\\Console\\Application->doRun(Object(Symfony\\Component\\Console\\Input\\ArgvInput), Object(Symfony\\Component\\Console\\Output\\ConsoleOutput))
#34 /Users/sumankhadka/Documents/Works/Software/laravel-sb-admin-2/vendor/laravel/framework/src/Illuminate/Foundation/Console/Kernel.php(196): Symfony\\Component\\Console\\Application->run(Object(Symfony\\Component\\Console\\Input\\ArgvInput), Object(Symfony\\Component\\Console\\Output\\ConsoleOutput))
#35 /Users/sumankhadka/Documents/Works/Software/laravel-sb-admin-2/artisan(35): Illuminate\\Foundation\\Console\\Kernel->handle(Object(Symfony\\Component\\Console\\Input\\ArgvInput), Object(Symfony\\Component\\Console\\Output\\ConsoleOutput))
#36 {main}
"} 
[2024-04-03 11:01:57] local.ERROR: SQLSTATE[HY000]: General error: 1273 Unknown collation: 'utf8mb4_0900_ai_ci' (Connection: mysql, SQL: select * from `sessions` where `id` = lc0B0AHCz6BDIsiVIThWqD6Jz2L8jDpLmRRMgfwC limit 1) {"exception":"[object] (Illuminate\\Database\\QueryException(code: HY000): SQLSTATE[HY000]: General error: 1273 Unknown collation: 'utf8mb4_0900_ai_ci' (Connection: mysql, SQL: select * from `sessions` where `id` = lc0B0AHCz6BDIsiVIThWqD6Jz2L8jDpLmRRMgfwC limit 1) at /Users/sumankhadka/Documents/Works/Software/laravel-sb-admin-2/vendor/laravel/framework/src/Illuminate/Database/Connection.php:813)
[stacktrace]
#0 /Users/sumankhadka/Documents/Works/Software/laravel-sb-admin-2/vendor/laravel/framework/src/Illuminate/Database/Connection.php(767): Illuminate\\Database\\Connection->runQueryCallback('select * from `...', Array, Object(Closure))
#1 /Users/sumankhadka/Documents/Works/Software/laravel-sb-admin-2/vendor/laravel/framework/src/Illuminate/Database/Connection.php(398): Illuminate\\Database\\Connection->run('select * from `...', Array, Object(Closure))
#2 /Users/sumankhadka/Documents/Works/Software/laravel-sb-admin-2/vendor/laravel/framework/src/Illuminate/Database/Query/Builder.php(2899): Illuminate\\Database\\Connection->select('select * from `...', Array, true)
#3 /Users/sumankhadka/Documents/Works/Software/laravel-sb-admin-2/vendor/laravel/framework/src/Illuminate/Database/Query/Builder.php(2884): Illuminate\\Database\\Query\\Builder->runSelect()
#4 /Users/sumankhadka/Documents/Works/Software/laravel-sb-admin-2/vendor/laravel/framework/src/Illuminate/Database/Query/Builder.php(3468): Illuminate\\Database\\Query\\Builder->Illuminate\\Database\\Query\\{closure}()
#5 /Users/sumankhadka/Documents/Works/Software/laravel-sb-admin-2/vendor/laravel/framework/src/Illuminate/Database/Query/Builder.php(2883): Illuminate\\Database\\Query\\Builder->onceWithColumns(Array, Object(Closure))
#6 /Users/sumankhadka/Documents/Works/Software/laravel-sb-admin-2/vendor/laravel/framework/src/Illuminate/Database/Concerns/BuildsQueries.php(333): Illuminate\\Database\\Query\\Builder->get(Array)
#7 /Users/sumankhadka/Documents/Works/Software/laravel-sb-admin-2/vendor/laravel/framework/src/Illuminate/Database/Query/Builder.php(2806): Illuminate\\Database\\Query\\Builder->first(Array)
#8 /Users/sumankhadka/Documents/Works/Software/laravel-sb-admin-2/vendor/laravel/framework/src/Illuminate/Session/DatabaseSessionHandler.php(97): Illuminate\\Database\\Query\\Builder->find('lc0B0AHCz6BDIsi...')
#9 /Users/sumankhadka/Documents/Works/Software/laravel-sb-admin-2/vendor/laravel/framework/src/Illuminate/Session/Store.php(113): Illuminate\\Session\\DatabaseSessionHandler->read('lc0B0AHCz6BDIsi...')
#10 /Users/sumankhadka/Documents/Works/Software/laravel-sb-admin-2/vendor/laravel/framework/src/Illuminate/Session/Store.php(101): Illuminate\\Session\\Store->readFromHandler()
#11 /Users/sumankhadka/Documents/Works/Software/laravel-sb-admin-2/vendor/laravel/framework/src/Illuminate/Session/Store.php(85): Illuminate\\Session\\Store->loadSession()
#12 /Users/sumankhadka/Documents/Works/Software/laravel-sb-admin-2/vendor/laravel/framework/src/Illuminate/Session/Middleware/StartSession.php(147): Illuminate\\Session\\Store->start()
#13 /Users/sumankhadka/Documents/Works/Software/laravel-sb-admin-2/vendor/laravel/framework/src/Illuminate/Support/helpers.php(359): Illuminate\\Session\\Middleware\\StartSession->Illuminate\\Session\\Middleware\\{closure}(Object(Illuminate\\Session\\Store))
#14 /Users/sumankhadka/Documents/Works/Software/laravel-sb-admin-2/vendor/laravel/framework/src/Illuminate/Session/Middleware/StartSession.php(144): tap(Object(Illuminate\\Session\\Store), Object(Closure))
#15 /Users/sumankhadka/Documents/Works/Software/laravel-sb-admin-2/vendor/laravel/framework/src/Illuminate/Session/Middleware/StartSession.php(116): Illuminate\\Session\\Middleware\\StartSession->startSession(Object(Illuminate\\Http\\Request), Object(Illuminate\\Session\\Store))
#16 /Users/sumankhadka/Documents/Works/Software/laravel-sb-admin-2/vendor/laravel/framework/src/Illuminate/Session/Middleware/StartSession.php(64): Illuminate\\Session\\Middleware\\StartSession->handleStatefulRequest(Object(Illuminate\\Http\\Request), Object(Illuminate\\Session\\Store), Object(Closure))
#17 /Users/sumankhadka/Documents/Works/Software/laravel-sb-admin-2/vendor/laravel/framework/src/Illuminate/Pipeline/Pipeline.php(183): Illuminate\\Session\\Middleware\\StartSession->handle(Object(Illuminate\\Http\\Request), Object(Closure))
#18 /Users/sumankhadka/Documents/Works/Software/laravel-sb-admin-2/vendor/laravel/framework/src/Illuminate/Cookie/Middleware/AddQueuedCookiesToResponse.php(37): Illuminate\\Pipeline\\Pipeline->Illuminate\\Pipeline\\{closure}(Object(Illuminate\\Http\\Request))
#19 /Users/sumankhadka/Documents/Works/Software/laravel-sb-admin-2/vendor/laravel/framework/src/Illuminate/Pipeline/Pipeline.php(183): Illuminate\\Cookie\\Middleware\\AddQueuedCookiesToResponse->handle(Object(Illuminate\\Http\\Request), Object(Closure))
#20 /Users/sumankhadka/Documents/Works/Software/laravel-sb-admin-2/vendor/laravel/framework/src/Illuminate/Cookie/Middleware/EncryptCookies.php(75): Illuminate\\Pipeline\\Pipeline->Illuminate\\Pipeline\\{closure}(Object(Illuminate\\Http\\Request))
#21 /Users/sumankhadka/Documents/Works/Software/laravel-sb-admin-2/vendor/laravel/framework/src/Illuminate/Pipeline/Pipeline.php(183): Illuminate\\Cookie\\Middleware\\EncryptCookies->handle(Object(Illuminate\\Http\\Request), Object(Closure))
#22 /Users/sumankhadka/Documents/Works/Software/laravel-sb-admin-2/vendor/laravel/framework/src/Illuminate/Pipeline/Pipeline.php(119): Illuminate\\Pipeline\\Pipeline->Illuminate\\Pipeline\\{closure}(Object(Illuminate\\Http\\Request))
#23 /Users/sumankhadka/Documents/Works/Software/laravel-sb-admin-2/vendor/laravel/framework/src/Illuminate/Routing/Router.php(805): Illuminate\\Pipeline\\Pipeline->then(Object(Closure))
#24 /Users/sumankhadka/Documents/Works/Software/laravel-sb-admin-2/vendor/laravel/framework/src/Illuminate/Routing/Router.php(784): Illuminate\\Routing\\Router->runRouteWithinStack(Object(Illuminate\\Routing\\Route), Object(Illuminate\\Http\\Request))
#25 /Users/sumankhadka/Documents/Works/Software/laravel-sb-admin-2/vendor/laravel/framework/src/Illuminate/Routing/Router.php(748): Illuminate\\Routing\\Router->runRoute(Object(Illuminate\\Http\\Request), Object(Illuminate\\Routing\\Route))
#26 /Users/sumankhadka/Documents/Works/Software/laravel-sb-admin-2/vendor/laravel/framework/src/Illuminate/Routing/Router.php(737): Illuminate\\Routing\\Router->dispatchToRoute(Object(Illuminate\\Http\\Request))
#27 /Users/sumankhadka/Documents/Works/Software/laravel-sb-admin-2/vendor/laravel/framework/src/Illuminate/Foundation/Http/Kernel.php(200): Illuminate\\Routing\\Router->dispatch(Object(Illuminate\\Http\\Request))
#28 /Users/sumankhadka/Documents/Works/Software/laravel-sb-admin-2/vendor/laravel/framework/src/Illuminate/Pipeline/Pipeline.php(144): Illuminate\\Foundation\\Http\\Kernel->Illuminate\\Foundation\\Http\\{closure}(Object(Illuminate\\Http\\Request))
#29 /Users/sumankhadka/Documents/Works/Software/laravel-sb-admin-2/vendor/laravel/framework/src/Illuminate/Foundation/Http/Middleware/TransformsRequest.php(21): Illuminate\\Pipeline\\Pipeline->Illuminate\\Pipeline\\{closure}(Object(Illuminate\\Http\\Request))
#30 /Users/sumankhadka/Documents/Works/Software/laravel-sb-admin-2/vendor/laravel/framework/src/Illuminate/Foundation/Http/Middleware/ConvertEmptyStringsToNull.php(31): Illuminate\\Foundation\\Http\\Middleware\\TransformsRequest->handle(Object(Illuminate\\Http\\Request), Object(Closure))
#31 /Users/sumankhadka/Documents/Works/Software/laravel-sb-admin-2/vendor/laravel/framework/src/Illuminate/Pipeline/Pipeline.php(183): Illuminate\\Foundation\\Http\\Middleware\\ConvertEmptyStringsToNull->handle(Object(Illuminate\\Http\\Request), Object(Closure))
#32 /Users/sumankhadka/Documents/Works/Software/laravel-sb-admin-2/vendor/laravel/framework/src/Illuminate/Foundation/Http/Middleware/TransformsRequest.php(21): Illuminate\\Pipeline\\Pipeline->Illuminate\\Pipeline\\{closure}(Object(Illuminate\\Http\\Request))
#33 /Users/sumankhadka/Documents/Works/Software/laravel-sb-admin-2/vendor/laravel/framework/src/Illuminate/Foundation/Http/Middleware/TrimStrings.php(51): Illuminate\\Foundation\\Http\\Middleware\\TransformsRequest->handle(Object(Illuminate\\Http\\Request), Object(Closure))
#34 /Users/sumankhadka/Documents/Works/Software/laravel-sb-admin-2/vendor/laravel/framework/src/Illuminate/Pipeline/Pipeline.php(183): Illuminate\\Foundation\\Http\\Middleware\\TrimStrings->handle(Object(Illuminate\\Http\\Request), Object(Closure))
#35 /Users/sumankhadka/Documents/Works/Software/laravel-sb-admin-2/vendor/laravel/framework/src/Illuminate/Http/Middleware/ValidatePostSize.php(27): Illuminate\\Pipeline\\Pipeline->Illuminate\\Pipeline\\{closure}(Object(Illuminate\\Http\\Request))
#36 /Users/sumankhadka/Documents/Works/Software/laravel-sb-admin-2/vendor/laravel/framework/src/Illuminate/Pipeline/Pipeline.php(183): Illuminate\\Http\\Middleware\\ValidatePostSize->handle(Object(Illuminate\\Http\\Request), Object(Closure))
#37 /Users/sumankhadka/Documents/Works/Software/laravel-sb-admin-2/vendor/laravel/framework/src/Illuminate/Foundation/Http/Middleware/PreventRequestsDuringMaintenance.php(110): Illuminate\\Pipeline\\Pipeline->Illuminate\\Pipeline\\{closure}(Object(Illuminate\\Http\\Request))
#38 /Users/sumankhadka/Documents/Works/Software/laravel-sb-admin-2/vendor/laravel/framework/src/Illuminate/Pipeline/Pipeline.php(183): Illuminate\\Foundation\\Http\\Middleware\\PreventRequestsDuringMaintenance->handle(Object(Illuminate\\Http\\Request), Object(Closure))
#39 /Users/sumankhadka/Documents/Works/Software/laravel-sb-admin-2/vendor/laravel/framework/src/Illuminate/Http/Middleware/HandleCors.php(49): Illuminate\\Pipeline\\Pipeline->Illuminate\\Pipeline\\{closure}(Object(Illuminate\\Http\\Request))
#40 /Users/sumankhadka/Documents/Works/Software/laravel-sb-admin-2/vendor/laravel/framework/src/Illuminate/Pipeline/Pipeline.php(183): Illuminate\\Http\\Middleware\\HandleCors->handle(Object(Illuminate\\Http\\Request), Object(Closure))
#41 /Users/sumankhadka/Documents/Works/Software/laravel-sb-admin-2/vendor/laravel/framework/src/Illuminate/Http/Middleware/TrustProxies.php(57): Illuminate\\Pipeline\\Pipeline->Illuminate\\Pipeline\\{closure}(Object(Illuminate\\Http\\Request))
#42 /Users/sumankhadka/Documents/Works/Software/laravel-sb-admin-2/vendor/laravel/framework/src/Illuminate/Pipeline/Pipeline.php(183): Illuminate\\Http\\Middleware\\TrustProxies->handle(Object(Illuminate\\Http\\Request), Object(Closure))
#43 /Users/sumankhadka/Documents/Works/Software/laravel-sb-admin-2/vendor/laravel/framework/src/Illuminate/Pipeline/Pipeline.php(119): Illuminate\\Pipeline\\Pipeline->Illuminate\\Pipeline\\{closure}(Object(Illuminate\\Http\\Request))
#44 /Users/sumankhadka/Documents/Works/Software/laravel-sb-admin-2/vendor/laravel/framework/src/Illuminate/Foundation/Http/Kernel.php(175): Illuminate\\Pipeline\\Pipeline->then(Object(Closure))
#45 /Users/sumankhadka/Documents/Works/Software/laravel-sb-admin-2/vendor/laravel/framework/src/Illuminate/Foundation/Http/Kernel.php(144): Illuminate\\Foundation\\Http\\Kernel->sendRequestThroughRouter(Object(Illuminate\\Http\\Request))
#46 /Users/sumankhadka/Documents/Works/Software/laravel-sb-admin-2/public/index.php(54): Illuminate\\Foundation\\Http\\Kernel->handle(Object(Illuminate\\Http\\Request))
#47 /Users/sumankhadka/Documents/Works/Software/laravel-sb-admin-2/server.php(21): require_once('/Users/sumankha...')
#48 {main}

[previous exception] [object] (PDOException(code: HY000): SQLSTATE[HY000]: General error: 1273 Unknown collation: 'utf8mb4_0900_ai_ci' at /Users/sumankhadka/Documents/Works/Software/laravel-sb-admin-2/vendor/laravel/framework/src/Illuminate/Database/Connectors/MySqlConnector.php:121)
[stacktrace]
#0 /Users/sumankhadka/Documents/Works/Software/laravel-sb-admin-2/vendor/laravel/framework/src/Illuminate/Database/Connectors/MySqlConnector.php(121): PDO->exec('SET NAMES 'utf8...')
#1 /Users/sumankhadka/Documents/Works/Software/laravel-sb-admin-2/vendor/laravel/framework/src/Illuminate/Database/Connectors/MySqlConnector.php(30): Illuminate\\Database\\Connectors\\MySqlConnector->configureConnection(Object(PDO), Array)
#2 /Users/sumankhadka/Documents/Works/Software/laravel-sb-admin-2/vendor/laravel/framework/src/Illuminate/Database/Connectors/ConnectionFactory.php(185): Illuminate\\Database\\Connectors\\MySqlConnector->connect(Array)
#3 [internal function]: Illuminate\\Database\\Connectors\\ConnectionFactory->Illuminate\\Database\\Connectors\\{closure}()
#4 /Users/sumankhadka/Documents/Works/Software/laravel-sb-admin-2/vendor/laravel/framework/src/Illuminate/Database/Connection.php(1219): call_user_func(Object(Closure))
#5 /Users/sumankhadka/Documents/Works/Software/laravel-sb-admin-2/vendor/laravel/framework/src/Illuminate/Database/Connection.php(1255): Illuminate\\Database\\Connection->getPdo()
#6 /Users/sumankhadka/Documents/Works/Software/laravel-sb-admin-2/vendor/laravel/framework/src/Illuminate/Database/Connection.php(512): Illuminate\\Database\\Connection->getReadPdo()
#7 /Users/sumankhadka/Documents/Works/Software/laravel-sb-admin-2/vendor/laravel/framework/src/Illuminate/Database/Connection.php(407): Illuminate\\Database\\Connection->getPdoForSelect(true)
#8 /Users/sumankhadka/Documents/Works/Software/laravel-sb-admin-2/vendor/laravel/framework/src/Illuminate/Database/Connection.php(800): Illuminate\\Database\\Connection->Illuminate\\Database\\{closure}('select * from `...', Array)
#9 /Users/sumankhadka/Documents/Works/Software/laravel-sb-admin-2/vendor/laravel/framework/src/Illuminate/Database/Connection.php(767): Illuminate\\Database\\Connection->runQueryCallback('select * from `...', Array, Object(Closure))
#10 /Users/sumankhadka/Documents/Works/Software/laravel-sb-admin-2/vendor/laravel/framework/src/Illuminate/Database/Connection.php(398): Illuminate\\Database\\Connection->run('select * from `...', Array, Object(Closure))
#11 /Users/sumankhadka/Documents/Works/Software/laravel-sb-admin-2/vendor/laravel/framework/src/Illuminate/Database/Query/Builder.php(2899): Illuminate\\Database\\Connection->select('select * from `...', Array, true)
#12 /Users/sumankhadka/Documents/Works/Software/laravel-sb-admin-2/vendor/laravel/framework/src/Illuminate/Database/Query/Builder.php(2884): Illuminate\\Database\\Query\\Builder->runSelect()
#13 /Users/sumankhadka/Documents/Works/Software/laravel-sb-admin-2/vendor/laravel/framework/src/Illuminate/Database/Query/Builder.php(3468): Illuminate\\Database\\Query\\Builder->Illuminate\\Database\\Query\\{closure}()
#14 /Users/sumankhadka/Documents/Works/Software/laravel-sb-admin-2/vendor/laravel/framework/src/Illuminate/Database/Query/Builder.php(2883): Illuminate\\Database\\Query\\Builder->onceWithColumns(Array, Object(Closure))
#15 /Users/sumankhadka/Documents/Works/Software/laravel-sb-admin-2/vendor/laravel/framework/src/Illuminate/Database/Concerns/BuildsQueries.php(333): Illuminate\\Database\\Query\\Builder->get(Array)
#16 /Users/sumankhadka/Documents/Works/Software/laravel-sb-admin-2/vendor/laravel/framework/src/Illuminate/Database/Query/Builder.php(2806): Illuminate\\Database\\Query\\Builder->first(Array)
#17 /Users/sumankhadka/Documents/Works/Software/laravel-sb-admin-2/vendor/laravel/framework/src/Illuminate/Session/DatabaseSessionHandler.php(97): Illuminate\\Database\\Query\\Builder->find('lc0B0AHCz6BDIsi...')
#18 /Users/sumankhadka/Documents/Works/Software/laravel-sb-admin-2/vendor/laravel/framework/src/Illuminate/Session/Store.php(113): Illuminate\\Session\\DatabaseSessionHandler->read('lc0B0AHCz6BDIsi...')
#19 /Users/sumankhadka/Documents/Works/Software/laravel-sb-admin-2/vendor/laravel/framework/src/Illuminate/Session/Store.php(101): Illuminate\\Session\\Store->readFromHandler()
#20 /Users/sumankhadka/Documents/Works/Software/laravel-sb-admin-2/vendor/laravel/framework/src/Illuminate/Session/Store.php(85): Illuminate\\Session\\Store->loadSession()
#21 /Users/sumankhadka/Documents/Works/Software/laravel-sb-admin-2/vendor/laravel/framework/src/Illuminate/Session/Middleware/StartSession.php(147): Illuminate\\Session\\Store->start()
#22 /Users/sumankhadka/Documents/Works/Software/laravel-sb-admin-2/vendor/laravel/framework/src/Illuminate/Support/helpers.php(359): Illuminate\\Session\\Middleware\\StartSession->Illuminate\\Session\\Middleware\\{closure}(Object(Illuminate\\Session\\Store))
#23 /Users/sumankhadka/Documents/Works/Software/laravel-sb-admin-2/vendor/laravel/framework/src/Illuminate/Session/Middleware/StartSession.php(144): tap(Object(Illuminate\\Session\\Store), Object(Closure))
#24 /Users/sumankhadka/Documents/Works/Software/laravel-sb-admin-2/vendor/laravel/framework/src/Illuminate/Session/Middleware/StartSession.php(116): Illuminate\\Session\\Middleware\\StartSession->startSession(Object(Illuminate\\Http\\Request), Object(Illuminate\\Session\\Store))
#25 /Users/sumankhadka/Documents/Works/Software/laravel-sb-admin-2/vendor/laravel/framework/src/Illuminate/Session/Middleware/StartSession.php(64): Illuminate\\Session\\Middleware\\StartSession->handleStatefulRequest(Object(Illuminate\\Http\\Request), Object(Illuminate\\Session\\Store), Object(Closure))
#26 /Users/sumankhadka/Documents/Works/Software/laravel-sb-admin-2/vendor/laravel/framework/src/Illuminate/Pipeline/Pipeline.php(183): Illuminate\\Session\\Middleware\\StartSession->handle(Object(Illuminate\\Http\\Request), Object(Closure))
#27 /Users/sumankhadka/Documents/Works/Software/laravel-sb-admin-2/vendor/laravel/framework/src/Illuminate/Cookie/Middleware/AddQueuedCookiesToResponse.php(37): Illuminate\\Pipeline\\Pipeline->Illuminate\\Pipeline\\{closure}(Object(Illuminate\\Http\\Request))
#28 /Users/sumankhadka/Documents/Works/Software/laravel-sb-admin-2/vendor/laravel/framework/src/Illuminate/Pipeline/Pipeline.php(183): Illuminate\\Cookie\\Middleware\\AddQueuedCookiesToResponse->handle(Object(Illuminate\\Http\\Request), Object(Closure))
#29 /Users/sumankhadka/Documents/Works/Software/laravel-sb-admin-2/vendor/laravel/framework/src/Illuminate/Cookie/Middleware/EncryptCookies.php(75): Illuminate\\Pipeline\\Pipeline->Illuminate\\Pipeline\\{closure}(Object(Illuminate\\Http\\Request))
#30 /Users/sumankhadka/Documents/Works/Software/laravel-sb-admin-2/vendor/laravel/framework/src/Illuminate/Pipeline/Pipeline.php(183): Illuminate\\Cookie\\Middleware\\EncryptCookies->handle(Object(Illuminate\\Http\\Request), Object(Closure))
#31 /Users/sumankhadka/Documents/Works/Software/laravel-sb-admin-2/vendor/laravel/framework/src/Illuminate/Pipeline/Pipeline.php(119): Illuminate\\Pipeline\\Pipeline->Illuminate\\Pipeline\\{closure}(Object(Illuminate\\Http\\Request))
#32 /Users/sumankhadka/Documents/Works/Software/laravel-sb-admin-2/vendor/laravel/framework/src/Illuminate/Routing/Router.php(805): Illuminate\\Pipeline\\Pipeline->then(Object(Closure))
#33 /Users/sumankhadka/Documents/Works/Software/laravel-sb-admin-2/vendor/laravel/framework/src/Illuminate/Routing/Router.php(784): Illuminate\\Routing\\Router->runRouteWithinStack(Object(Illuminate\\Routing\\Route), Object(Illuminate\\Http\\Request))
#34 /Users/sumankhadka/Documents/Works/Software/laravel-sb-admin-2/vendor/laravel/framework/src/Illuminate/Routing/Router.php(748): Illuminate\\Routing\\Router->runRoute(Object(Illuminate\\Http\\Request), Object(Illuminate\\Routing\\Route))
#35 /Users/sumankhadka/Documents/Works/Software/laravel-sb-admin-2/vendor/laravel/framework/src/Illuminate/Routing/Router.php(737): Illuminate\\Routing\\Router->dispatchToRoute(Object(Illuminate\\Http\\Request))
#36 /Users/sumankhadka/Documents/Works/Software/laravel-sb-admin-2/vendor/laravel/framework/src/Illuminate/Foundation/Http/Kernel.php(200): Illuminate\\Routing\\Router->dispatch(Object(Illuminate\\Http\\Request))
#37 /Users/sumankhadka/Documents/Works/Software/laravel-sb-admin-2/vendor/laravel/framework/src/Illuminate/Pipeline/Pipeline.php(144): Illuminate\\Foundation\\Http\\Kernel->Illuminate\\Foundation\\Http\\{closure}(Object(Illuminate\\Http\\Request))
#38 /Users/sumankhadka/Documents/Works/Software/laravel-sb-admin-2/vendor/laravel/framework/src/Illuminate/Foundation/Http/Middleware/TransformsRequest.php(21): Illuminate\\Pipeline\\Pipeline->Illuminate\\Pipeline\\{closure}(Object(Illuminate\\Http\\Request))
#39 /Users/sumankhadka/Documents/Works/Software/laravel-sb-admin-2/vendor/laravel/framework/src/Illuminate/Foundation/Http/Middleware/ConvertEmptyStringsToNull.php(31): Illuminate\\Foundation\\Http\\Middleware\\TransformsRequest->handle(Object(Illuminate\\Http\\Request), Object(Closure))
#40 /Users/sumankhadka/Documents/Works/Software/laravel-sb-admin-2/vendor/laravel/framework/src/Illuminate/Pipeline/Pipeline.php(183): Illuminate\\Foundation\\Http\\Middleware\\ConvertEmptyStringsToNull->handle(Object(Illuminate\\Http\\Request), Object(Closure))
#41 /Users/sumankhadka/Documents/Works/Software/laravel-sb-admin-2/vendor/laravel/framework/src/Illuminate/Foundation/Http/Middleware/TransformsRequest.php(21): Illuminate\\Pipeline\\Pipeline->Illuminate\\Pipeline\\{closure}(Object(Illuminate\\Http\\Request))
#42 /Users/sumankhadka/Documents/Works/Software/laravel-sb-admin-2/vendor/laravel/framework/src/Illuminate/Foundation/Http/Middleware/TrimStrings.php(51): Illuminate\\Foundation\\Http\\Middleware\\TransformsRequest->handle(Object(Illuminate\\Http\\Request), Object(Closure))
#43 /Users/sumankhadka/Documents/Works/Software/laravel-sb-admin-2/vendor/laravel/framework/src/Illuminate/Pipeline/Pipeline.php(183): Illuminate\\Foundation\\Http\\Middleware\\TrimStrings->handle(Object(Illuminate\\Http\\Request), Object(Closure))
#44 /Users/sumankhadka/Documents/Works/Software/laravel-sb-admin-2/vendor/laravel/framework/src/Illuminate/Http/Middleware/ValidatePostSize.php(27): Illuminate\\Pipeline\\Pipeline->Illuminate\\Pipeline\\{closure}(Object(Illuminate\\Http\\Request))
#45 /Users/sumankhadka/Documents/Works/Software/laravel-sb-admin-2/vendor/laravel/framework/src/Illuminate/Pipeline/Pipeline.php(183): Illuminate\\Http\\Middleware\\ValidatePostSize->handle(Object(Illuminate\\Http\\Request), Object(Closure))
#46 /Users/sumankhadka/Documents/Works/Software/laravel-sb-admin-2/vendor/laravel/framework/src/Illuminate/Foundation/Http/Middleware/PreventRequestsDuringMaintenance.php(110): Illuminate\\Pipeline\\Pipeline->Illuminate\\Pipeline\\{closure}(Object(Illuminate\\Http\\Request))
#47 /Users/sumankhadka/Documents/Works/Software/laravel-sb-admin-2/vendor/laravel/framework/src/Illuminate/Pipeline/Pipeline.php(183): Illuminate\\Foundation\\Http\\Middleware\\PreventRequestsDuringMaintenance->handle(Object(Illuminate\\Http\\Request), Object(Closure))
#48 /Users/sumankhadka/Documents/Works/Software/laravel-sb-admin-2/vendor/laravel/framework/src/Illuminate/Http/Middleware/HandleCors.php(49): Illuminate\\Pipeline\\Pipeline->Illuminate\\Pipeline\\{closure}(Object(Illuminate\\Http\\Request))
#49 /Users/sumankhadka/Documents/Works/Software/laravel-sb-admin-2/vendor/laravel/framework/src/Illuminate/Pipeline/Pipeline.php(183): Illuminate\\Http\\Middleware\\HandleCors->handle(Object(Illuminate\\Http\\Request), Object(Closure))
#50 /Users/sumankhadka/Documents/Works/Software/laravel-sb-admin-2/vendor/laravel/framework/src/Illuminate/Http/Middleware/TrustProxies.php(57): Illuminate\\Pipeline\\Pipeline->Illuminate\\Pipeline\\{closure}(Object(Illuminate\\Http\\Request))
#51 /Users/sumankhadka/Documents/Works/Software/laravel-sb-admin-2/vendor/laravel/framework/src/Illuminate/Pipeline/Pipeline.php(183): Illuminate\\Http\\Middleware\\TrustProxies->handle(Object(Illuminate\\Http\\Request), Object(Closure))
#52 /Users/sumankhadka/Documents/Works/Software/laravel-sb-admin-2/vendor/laravel/framework/src/Illuminate/Pipeline/Pipeline.php(119): Illuminate\\Pipeline\\Pipeline->Illuminate\\Pipeline\\{closure}(Object(Illuminate\\Http\\Request))
#53 /Users/sumankhadka/Documents/Works/Software/laravel-sb-admin-2/vendor/laravel/framework/src/Illuminate/Foundation/Http/Kernel.php(175): Illuminate\\Pipeline\\Pipeline->then(Object(Closure))
#54 /Users/sumankhadka/Documents/Works/Software/laravel-sb-admin-2/vendor/laravel/framework/src/Illuminate/Foundation/Http/Kernel.php(144): Illuminate\\Foundation\\Http\\Kernel->sendRequestThroughRouter(Object(Illuminate\\Http\\Request))
#55 /Users/sumankhadka/Documents/Works/Software/laravel-sb-admin-2/public/index.php(54): Illuminate\\Foundation\\Http\\Kernel->handle(Object(Illuminate\\Http\\Request))
#56 /Users/sumankhadka/Documents/Works/Software/laravel-sb-admin-2/server.php(21): require_once('/Users/sumankha...')
#57 {main}
"} 
